2024-10-08 22:12:24,570 - INFO - Processing Division Premier Main for Week 1
2024-10-08 22:12:24,571 - WARNING - Data files for Division Premier Main not found for week 1. Skipping.
2024-10-08 22:12:24,571 - INFO - Processing Division 2 for Week 1
2024-10-08 22:12:24,572 - WARNING - Data files for Division 2 not found for week 1. Skipping.
2024-10-08 22:12:24,572 - INFO - Processing Division 3 for Week 1
2024-10-08 22:12:24,572 - WARNING - Data files for Division 3 not found for week 1. Skipping.
2024-10-08 22:12:24,573 - INFO - Processing Division 4 for Week 1
2024-10-08 22:12:24,574 - WARNING - Data files for Division 4 not found for week 1. Skipping.
2024-10-08 22:12:24,574 - INFO - Processing Division 5 for Week 1
2024-10-08 22:12:24,589 - INFO - Number of players who played in Division 5 during week 1: 40
2024-10-08 22:12:24,641 - INFO - Player match results saved to C:/Users/bpali/PycharmProjects/SquashApp/2024-2025\player_results\week_1\5_player_results.csv
2024-10-08 22:12:24,641 - INFO - Processing Division 6 for Week 1
2024-10-08 22:12:24,642 - WARNING - Data files for Division 6 not found for week 1. Skipping.
2024-10-08 22:12:24,642 - INFO - Processing Division 7A for Week 1
2024-10-08 22:12:24,654 - INFO - Number of players who played in Division 7A during week 1: 19
2024-10-08 22:12:24,684 - INFO - Player match results saved to C:/Users/bpali/PycharmProjects/SquashApp/2024-2025\player_results\week_1\7A_player_results.csv
2024-10-08 22:12:24,685 - INFO - Processing Division 7B for Week 1
2024-10-08 22:12:24,694 - INFO - Number of players who played in Division 7B during week 1: 30
2024-10-08 22:12:24,726 - INFO - Player match results saved to C:/Users/bpali/PycharmProjects/SquashApp/2024-2025\player_results\week_1\7B_player_results.csv
2024-10-08 22:12:24,726 - INFO - Processing Division 8A for Week 1
2024-10-08 22:12:24,736 - INFO - Number of players who played in Division 8A during week 1: 40
2024-10-08 22:12:24,770 - INFO - Player match results saved to C:/Users/bpali/PycharmProjects/SquashApp/2024-2025\player_results\week_1\8A_player_results.csv
2024-10-08 22:12:24,770 - INFO - Processing Division 8B for Week 1
2024-10-08 22:12:24,779 - INFO - Number of players who played in Division 8B during week 1: 20
2024-10-08 22:12:24,808 - INFO - Player match results saved to C:/Users/bpali/PycharmProjects/SquashApp/2024-2025\player_results\week_1\8B_player_results.csv
2024-10-08 22:12:24,809 - INFO - Processing Division 9 for Week 1
2024-10-08 22:12:24,820 - INFO - Number of players who played in Division 9 during week 1: 40
2024-10-08 22:12:24,853 - INFO - Player match results saved to C:/Users/bpali/PycharmProjects/SquashApp/2024-2025\player_results\week_1\9_player_results.csv
2024-10-08 22:12:24,853 - INFO - Processing Division 10 for Week 1
2024-10-08 22:12:24,854 - WARNING - Data files for Division 10 not found for week 1. Skipping.
2024-10-08 22:12:24,855 - INFO - Processing Division 11 for Week 1
2024-10-08 22:12:24,855 - WARNING - Data files for Division 11 not found for week 1. Skipping.
2024-10-08 22:12:24,855 - INFO - Processing Division 12 for Week 1
2024-10-08 22:12:24,866 - INFO - Number of players who played in Division 12 during week 1: 46
2024-10-08 22:12:24,903 - INFO - Player match results saved to C:/Users/bpali/PycharmProjects/SquashApp/2024-2025\player_results\week_1\12_player_results.csv
2024-10-08 22:12:24,904 - INFO - Processing Division 13A for Week 1
2024-10-08 22:12:24,913 - INFO - Number of players who played in Division 13A during week 1: 50
2024-10-08 22:12:24,951 - INFO - Player match results saved to C:/Users/bpali/PycharmProjects/SquashApp/2024-2025\player_results\week_1\13A_player_results.csv
2024-10-08 22:12:24,951 - INFO - Processing Division 13B for Week 1
2024-10-08 22:12:24,960 - INFO - Number of players who played in Division 13B during week 1: 56
2024-10-08 22:12:24,998 - INFO - Player match results saved to C:/Users/bpali/PycharmProjects/SquashApp/2024-2025\player_results\week_1\13B_player_results.csv
2024-10-08 22:12:24,999 - INFO - Processing Division 14 for Week 1
2024-10-08 22:12:25,007 - INFO - Number of players who played in Division 14 during week 1: 17
2024-10-08 22:12:25,038 - INFO - Player match results saved to C:/Users/bpali/PycharmProjects/SquashApp/2024-2025\player_results\week_1\14_player_results.csv
2024-10-08 22:12:25,038 - INFO - Processing Division 15A for Week 1
2024-10-08 22:12:25,047 - INFO - Number of players who played in Division 15A during week 1: 28
2024-10-08 22:12:25,079 - INFO - Player match results saved to C:/Users/bpali/PycharmProjects/SquashApp/2024-2025\player_results\week_1\15A_player_results.csv
2024-10-08 22:12:25,080 - INFO - Processing Division 15B for Week 1
2024-10-08 22:12:25,089 - INFO - Number of players who played in Division 15B during week 1: 20
2024-10-08 22:12:25,117 - INFO - Player match results saved to C:/Users/bpali/PycharmProjects/SquashApp/2024-2025\player_results\week_1\15B_player_results.csv
2024-10-08 22:12:25,119 - INFO - Processing Division Premier Masters for Week 1
2024-10-08 22:12:25,119 - WARNING - Data files for Division Premier Masters not found for week 1. Skipping.
2024-10-08 22:12:25,120 - INFO - Processing Division M2 for Week 1
2024-10-08 22:12:25,132 - INFO - Number of players who played in Division M2 during week 1: 24
2024-10-08 22:12:25,160 - INFO - Player match results saved to C:/Users/bpali/PycharmProjects/SquashApp/2024-2025\player_results\week_1\M2_player_results.csv
2024-10-08 22:12:25,160 - INFO - Processing Division M3 for Week 1
2024-10-08 22:12:25,173 - INFO - Number of players who played in Division M3 during week 1: 39
2024-10-08 22:12:25,207 - INFO - Player match results saved to C:/Users/bpali/PycharmProjects/SquashApp/2024-2025\player_results\week_1\M3_player_results.csv
2024-10-08 22:12:25,208 - INFO - Processing Division M4 for Week 1
2024-10-08 22:12:25,220 - INFO - Number of players who played in Division M4 during week 1: 39
2024-10-08 22:12:25,255 - INFO - Player match results saved to C:/Users/bpali/PycharmProjects/SquashApp/2024-2025\player_results\week_1\M4_player_results.csv
2024-10-08 22:12:25,256 - INFO - Processing Division Premier Ladies for Week 1
2024-10-08 22:12:25,256 - WARNING - Data files for Division Premier Ladies not found for week 1. Skipping.
2024-10-08 22:12:25,257 - INFO - Processing Division L2 for Week 1
2024-10-08 22:12:25,257 - WARNING - Data files for Division L2 not found for week 1. Skipping.
2024-10-08 22:12:25,258 - INFO - Processing Division L3 for Week 1
2024-10-08 22:12:25,268 - INFO - Number of players who played in Division L3 during week 1: 18
2024-10-08 22:12:25,292 - INFO - Player match results saved to C:/Users/bpali/PycharmProjects/SquashApp/2024-2025\player_results\week_1\L3_player_results.csv
2024-10-08 22:12:25,292 - INFO - Processing Division L4 for Week 1
2024-10-08 22:12:25,303 - INFO - Number of players who played in Division L4 during week 1: 18
2024-10-08 22:12:25,328 - INFO - Player match results saved to C:/Users/bpali/PycharmProjects/SquashApp/2024-2025\player_results\week_1\L4_player_results.csv
2024-10-15 14:45:44,029 - INFO - Processing Division Premier Main for Week 1
2024-10-15 14:45:44,045 - INFO - Number of players who played in Division Premier Main during week 1: 15
2024-10-15 14:45:44,084 - INFO - Player match results saved to C:/Users/bpali/PycharmProjects/SquashApp/2024-2025\player_results\week_1\Premier Main_player_results.csv
2024-10-15 14:45:44,084 - INFO - Processing Division 2 for Week 1
2024-10-15 14:45:44,095 - INFO - Number of players who played in Division 2 during week 1: 16
2024-10-15 14:45:44,120 - INFO - Player match results saved to C:/Users/bpali/PycharmProjects/SquashApp/2024-2025\player_results\week_1\2_player_results.csv
2024-10-15 14:45:44,120 - INFO - Processing Division 3 for Week 1
2024-10-15 14:45:44,130 - INFO - Number of players who played in Division 3 during week 1: 40
2024-10-15 14:45:44,162 - INFO - Player match results saved to C:/Users/bpali/PycharmProjects/SquashApp/2024-2025\player_results\week_1\3_player_results.csv
2024-10-15 14:45:44,162 - INFO - Processing Division 4 for Week 1
2024-10-15 14:45:44,174 - INFO - Number of players who played in Division 4 during week 1: 38
2024-10-15 14:45:44,204 - INFO - Player match results saved to C:/Users/bpali/PycharmProjects/SquashApp/2024-2025\player_results\week_1\4_player_results.csv
2024-10-15 14:45:44,206 - INFO - Processing Division 5 for Week 1
2024-10-15 14:45:44,216 - INFO - Number of players who played in Division 5 during week 1: 50
2024-10-15 14:45:44,250 - INFO - Player match results saved to C:/Users/bpali/PycharmProjects/SquashApp/2024-2025\player_results\week_1\5_player_results.csv
2024-10-15 14:45:44,250 - INFO - Processing Division 6 for Week 1
2024-10-15 14:45:44,261 - INFO - Number of players who played in Division 6 during week 1: 50
2024-10-15 14:45:44,294 - INFO - Player match results saved to C:/Users/bpali/PycharmProjects/SquashApp/2024-2025\player_results\week_1\6_player_results.csv
2024-10-15 14:45:44,295 - INFO - Processing Division 7A for Week 1
2024-10-15 14:45:44,306 - INFO - Number of players who played in Division 7A during week 1: 28
2024-10-15 14:45:44,336 - INFO - Player match results saved to C:/Users/bpali/PycharmProjects/SquashApp/2024-2025\player_results\week_1\7A_player_results.csv
2024-10-15 14:45:44,336 - INFO - Processing Division 7B for Week 1
2024-10-15 14:45:44,348 - INFO - Number of players who played in Division 7B during week 1: 30
2024-10-15 14:45:44,378 - INFO - Player match results saved to C:/Users/bpali/PycharmProjects/SquashApp/2024-2025\player_results\week_1\7B_player_results.csv
2024-10-15 14:45:44,379 - INFO - Processing Division 8A for Week 1
2024-10-15 14:45:44,386 - INFO - Number of players who played in Division 8A during week 1: 40
2024-10-15 14:45:44,418 - INFO - Player match results saved to C:/Users/bpali/PycharmProjects/SquashApp/2024-2025\player_results\week_1\8A_player_results.csv
2024-10-15 14:45:44,419 - INFO - Processing Division 8B for Week 1
2024-10-15 14:45:44,429 - INFO - Number of players who played in Division 8B during week 1: 39
2024-10-15 14:45:44,461 - INFO - Player match results saved to C:/Users/bpali/PycharmProjects/SquashApp/2024-2025\player_results\week_1\8B_player_results.csv
2024-10-15 14:45:44,461 - INFO - Processing Division 9 for Week 1
2024-10-15 14:45:44,472 - INFO - Number of players who played in Division 9 during week 1: 40
2024-10-15 14:45:44,505 - INFO - Player match results saved to C:/Users/bpali/PycharmProjects/SquashApp/2024-2025\player_results\week_1\9_player_results.csv
2024-10-15 14:45:44,505 - INFO - Processing Division 10 for Week 1
2024-10-15 14:45:44,518 - INFO - Number of players who played in Division 10 during week 1: 30
2024-10-15 14:45:44,547 - INFO - Player match results saved to C:/Users/bpali/PycharmProjects/SquashApp/2024-2025\player_results\week_1\10_player_results.csv
2024-10-15 14:45:44,548 - INFO - Processing Division 11 for Week 1
2024-10-15 14:45:44,558 - INFO - Number of players who played in Division 11 during week 1: 40
2024-10-15 14:45:44,588 - INFO - Player match results saved to C:/Users/bpali/PycharmProjects/SquashApp/2024-2025\player_results\week_1\11_player_results.csv
2024-10-15 14:45:44,589 - INFO - Processing Division 12 for Week 1
2024-10-15 14:45:44,601 - INFO - Number of players who played in Division 12 during week 1: 55
2024-10-15 14:45:44,637 - INFO - Player match results saved to C:/Users/bpali/PycharmProjects/SquashApp/2024-2025\player_results\week_1\12_player_results.csv
2024-10-15 14:45:44,638 - INFO - Processing Division 13A for Week 1
2024-10-15 14:45:44,648 - INFO - Number of players who played in Division 13A during week 1: 60
2024-10-15 14:45:44,685 - INFO - Player match results saved to C:/Users/bpali/PycharmProjects/SquashApp/2024-2025\player_results\week_1\13A_player_results.csv
2024-10-15 14:45:44,685 - INFO - Processing Division 13B for Week 1
2024-10-15 14:45:44,694 - INFO - Number of players who played in Division 13B during week 1: 56
2024-10-15 14:45:44,732 - INFO - Player match results saved to C:/Users/bpali/PycharmProjects/SquashApp/2024-2025\player_results\week_1\13B_player_results.csv
2024-10-15 14:45:44,732 - INFO - Processing Division 14 for Week 1
2024-10-15 14:45:44,745 - INFO - Number of players who played in Division 14 during week 1: 31
2024-10-15 14:45:44,779 - INFO - Player match results saved to C:/Users/bpali/PycharmProjects/SquashApp/2024-2025\player_results\week_1\14_player_results.csv
2024-10-15 14:45:44,780 - INFO - Processing Division 15A for Week 1
2024-10-15 14:45:44,790 - INFO - Number of players who played in Division 15A during week 1: 28
2024-10-15 14:45:44,822 - INFO - Player match results saved to C:/Users/bpali/PycharmProjects/SquashApp/2024-2025\player_results\week_1\15A_player_results.csv
2024-10-15 14:45:44,822 - INFO - Processing Division 15B for Week 1
2024-10-15 14:45:44,834 - INFO - Number of players who played in Division 15B during week 1: 39
2024-10-15 14:45:44,869 - INFO - Player match results saved to C:/Users/bpali/PycharmProjects/SquashApp/2024-2025\player_results\week_1\15B_player_results.csv
2024-10-15 14:45:44,870 - INFO - Processing Division Premier Masters for Week 1
2024-10-15 14:45:44,882 - INFO - Number of players who played in Division Premier Masters during week 1: 6
2024-10-15 14:45:44,905 - INFO - Player match results saved to C:/Users/bpali/PycharmProjects/SquashApp/2024-2025\player_results\week_1\Premier Masters_player_results.csv
2024-10-15 14:45:44,906 - INFO - Processing Division M2 for Week 1
2024-10-15 14:45:44,908 - ERROR - Error loading data for Division M2, Week 1: No columns to parse from file
Traceback (most recent call last):
  File "C:\Users\bpali\PycharmProjects\SquashApp\create_player_results_database_all_divisions.py", line 118, in process_division
    players_df = pd.read_csv(players_df_path)
                 ^^^^^^^^^^^^^^^^^^^^^^^^^^^^
  File "c:\Users\bpali\PycharmProjects\SquashApp\venv\Lib\site-packages\pandas\io\parsers\readers.py", line 948, in read_csv
    return _read(filepath_or_buffer, kwds)
           ^^^^^^^^^^^^^^^^^^^^^^^^^^^^^^^
  File "c:\Users\bpali\PycharmProjects\SquashApp\venv\Lib\site-packages\pandas\io\parsers\readers.py", line 611, in _read
    parser = TextFileReader(filepath_or_buffer, **kwds)
             ^^^^^^^^^^^^^^^^^^^^^^^^^^^^^^^^^^^^^^^^^^
  File "c:\Users\bpali\PycharmProjects\SquashApp\venv\Lib\site-packages\pandas\io\parsers\readers.py", line 1448, in __init__
    self._engine = self._make_engine(f, self.engine)
                   ^^^^^^^^^^^^^^^^^^^^^^^^^^^^^^^^^
  File "c:\Users\bpali\PycharmProjects\SquashApp\venv\Lib\site-packages\pandas\io\parsers\readers.py", line 1723, in _make_engine
    return mapping[engine](f, **self.options)
           ^^^^^^^^^^^^^^^^^^^^^^^^^^^^^^^^^^
  File "c:\Users\bpali\PycharmProjects\SquashApp\venv\Lib\site-packages\pandas\io\parsers\c_parser_wrapper.py", line 93, in __init__
    self._reader = parsers.TextReader(src, **kwds)
                   ^^^^^^^^^^^^^^^^^^^^^^^^^^^^^^^
  File "parsers.pyx", line 586, in pandas._libs.parsers.TextReader.__cinit__
pandas.errors.EmptyDataError: No columns to parse from file
2024-10-15 14:45:44,916 - INFO - Processing Division M3 for Week 1
2024-10-15 14:45:44,927 - INFO - Number of players who played in Division M3 during week 1: 39
2024-10-15 14:45:44,964 - INFO - Player match results saved to C:/Users/bpali/PycharmProjects/SquashApp/2024-2025\player_results\week_1\M3_player_results.csv
2024-10-15 14:45:44,965 - INFO - Processing Division M4 for Week 1
2024-10-15 14:45:44,976 - INFO - Number of players who played in Division M4 during week 1: 39
2024-10-15 14:45:45,010 - INFO - Player match results saved to C:/Users/bpali/PycharmProjects/SquashApp/2024-2025\player_results\week_1\M4_player_results.csv
2024-10-15 14:45:45,011 - INFO - Processing Division Premier Ladies for Week 1
2024-10-15 14:45:45,021 - INFO - Number of players who played in Division Premier Ladies during week 1: 12
2024-10-15 14:45:45,047 - INFO - Player match results saved to C:/Users/bpali/PycharmProjects/SquashApp/2024-2025\player_results\week_1\Premier Ladies_player_results.csv
2024-10-15 14:45:45,048 - INFO - Processing Division L2 for Week 1
2024-10-15 14:45:45,059 - INFO - Number of players who played in Division L2 during week 1: 24
2024-10-15 14:45:45,087 - INFO - Player match results saved to C:/Users/bpali/PycharmProjects/SquashApp/2024-2025\player_results\week_1\L2_player_results.csv
2024-10-15 14:45:45,087 - INFO - Processing Division L3 for Week 1
2024-10-15 14:45:45,096 - INFO - Number of players who played in Division L3 during week 1: 18
2024-10-15 14:45:45,121 - INFO - Player match results saved to C:/Users/bpali/PycharmProjects/SquashApp/2024-2025\player_results\week_1\L3_player_results.csv
2024-10-15 14:45:45,121 - INFO - Processing Division L4 for Week 1
2024-10-15 14:45:45,131 - INFO - Number of players who played in Division L4 during week 1: 18
2024-10-15 14:45:45,156 - INFO - Player match results saved to C:/Users/bpali/PycharmProjects/SquashApp/2024-2025\player_results\week_1\L4_player_results.csv
2024-10-15 14:47:00,835 - INFO - Processing Division Premier Main for Week 2
2024-10-15 14:47:00,837 - WARNING - Data files for Division Premier Main not found for week 2. Skipping.
2024-10-15 14:47:00,837 - INFO - Processing Division 2 for Week 2
2024-10-15 14:47:00,837 - WARNING - Data files for Division 2 not found for week 2. Skipping.
2024-10-15 14:47:00,838 - INFO - Processing Division 3 for Week 2
2024-10-15 14:47:00,838 - WARNING - Data files for Division 3 not found for week 2. Skipping.
2024-10-15 14:47:00,839 - INFO - Processing Division 4 for Week 2
2024-10-15 14:47:00,839 - WARNING - Data files for Division 4 not found for week 2. Skipping.
2024-10-15 14:47:00,839 - INFO - Processing Division 5 for Week 2
2024-10-15 14:47:00,839 - WARNING - Data files for Division 5 not found for week 2. Skipping.
2024-10-15 14:47:00,840 - INFO - Processing Division 6 for Week 2
2024-10-15 14:47:00,840 - WARNING - Data files for Division 6 not found for week 2. Skipping.
2024-10-15 14:47:00,841 - INFO - Processing Division 7A for Week 2
2024-10-15 14:47:00,870 - INFO - Number of players who played in Division 7A during week 2: 30
2024-10-15 14:47:00,915 - INFO - Player match results saved to C:/Users/bpali/PycharmProjects/SquashApp/2024-2025\player_results\week_2\7A_player_results.csv
2024-10-15 14:47:00,916 - INFO - Processing Division 7B for Week 2
2024-10-15 14:47:00,933 - INFO - Number of players who played in Division 7B during week 2: 30
2024-10-15 14:47:00,966 - INFO - Player match results saved to C:/Users/bpali/PycharmProjects/SquashApp/2024-2025\player_results\week_2\7B_player_results.csv
2024-10-15 14:47:00,967 - INFO - Processing Division 8A for Week 2
2024-10-15 14:47:00,967 - WARNING - Data files for Division 8A not found for week 2. Skipping.
2024-10-15 14:47:00,968 - INFO - Processing Division 8B for Week 2
2024-10-15 14:47:00,969 - WARNING - Data files for Division 8B not found for week 2. Skipping.
2024-10-15 14:47:00,969 - INFO - Processing Division 9 for Week 2
2024-10-15 14:47:00,986 - INFO - Number of players who played in Division 9 during week 2: 39
2024-10-15 14:47:01,024 - INFO - Player match results saved to C:/Users/bpali/PycharmProjects/SquashApp/2024-2025\player_results\week_2\9_player_results.csv
2024-10-15 14:47:01,025 - INFO - Processing Division 10 for Week 2
2024-10-15 14:47:01,025 - WARNING - Data files for Division 10 not found for week 2. Skipping.
2024-10-15 14:47:01,026 - INFO - Processing Division 11 for Week 2
2024-10-15 14:47:01,026 - WARNING - Data files for Division 11 not found for week 2. Skipping.
2024-10-15 14:47:01,027 - INFO - Processing Division 12 for Week 2
2024-10-15 14:47:01,042 - INFO - Number of players who played in Division 12 during week 2: 57
2024-10-15 14:47:01,087 - INFO - Player match results saved to C:/Users/bpali/PycharmProjects/SquashApp/2024-2025\player_results\week_2\12_player_results.csv
2024-10-15 14:47:01,088 - INFO - Processing Division 13A for Week 2
2024-10-15 14:47:01,088 - WARNING - Data files for Division 13A not found for week 2. Skipping.
2024-10-15 14:47:01,089 - INFO - Processing Division 13B for Week 2
2024-10-15 14:47:01,089 - WARNING - Data files for Division 13B not found for week 2. Skipping.
2024-10-15 14:47:01,090 - INFO - Processing Division 14 for Week 2
2024-10-15 14:47:01,112 - INFO - Number of players who played in Division 14 during week 2: 18
2024-10-15 14:47:01,152 - INFO - Player match results saved to C:/Users/bpali/PycharmProjects/SquashApp/2024-2025\player_results\week_2\14_player_results.csv
2024-10-15 14:47:01,153 - INFO - Processing Division 15A for Week 2
2024-10-15 14:47:01,172 - INFO - Number of players who played in Division 15A during week 2: 9
2024-10-15 14:47:01,200 - INFO - Player match results saved to C:/Users/bpali/PycharmProjects/SquashApp/2024-2025\player_results\week_2\15A_player_results.csv
2024-10-15 14:47:01,201 - INFO - Processing Division 15B for Week 2
2024-10-15 14:47:01,217 - INFO - Number of players who played in Division 15B during week 2: 19
2024-10-15 14:47:01,249 - INFO - Player match results saved to C:/Users/bpali/PycharmProjects/SquashApp/2024-2025\player_results\week_2\15B_player_results.csv
2024-10-15 14:47:01,249 - INFO - Processing Division Premier Masters for Week 2
2024-10-15 14:47:01,269 - INFO - Number of players who played in Division Premier Masters during week 2: 6
2024-10-15 14:47:01,296 - INFO - Player match results saved to C:/Users/bpali/PycharmProjects/SquashApp/2024-2025\player_results\week_2\Premier Masters_player_results.csv
2024-10-15 14:47:01,296 - INFO - Processing Division M2 for Week 2
2024-10-15 14:47:01,317 - INFO - Number of players who played in Division M2 during week 2: 8
2024-10-15 14:47:01,351 - INFO - Player match results saved to C:/Users/bpali/PycharmProjects/SquashApp/2024-2025\player_results\week_2\M2_player_results.csv
2024-10-15 14:47:01,352 - INFO - Processing Division M3 for Week 2
2024-10-15 14:47:01,372 - INFO - Number of players who played in Division M3 during week 2: 40
2024-10-15 14:47:01,409 - INFO - Player match results saved to C:/Users/bpali/PycharmProjects/SquashApp/2024-2025\player_results\week_2\M3_player_results.csv
2024-10-15 14:47:01,410 - INFO - Processing Division M4 for Week 2
2024-10-15 14:47:01,426 - INFO - Number of players who played in Division M4 during week 2: 40
2024-10-15 14:47:01,462 - INFO - Player match results saved to C:/Users/bpali/PycharmProjects/SquashApp/2024-2025\player_results\week_2\M4_player_results.csv
2024-10-15 14:47:01,463 - INFO - Processing Division Premier Ladies for Week 2
2024-10-15 14:47:01,464 - WARNING - Data files for Division Premier Ladies not found for week 2. Skipping.
2024-10-15 14:47:01,465 - INFO - Processing Division L2 for Week 2
2024-10-15 14:47:01,465 - WARNING - Data files for Division L2 not found for week 2. Skipping.
2024-10-15 14:47:01,465 - INFO - Processing Division L3 for Week 2
2024-10-15 14:47:01,465 - WARNING - Data files for Division L3 not found for week 2. Skipping.
2024-10-15 14:47:01,465 - INFO - Processing Division L4 for Week 2
2024-10-15 14:47:01,466 - WARNING - Data files for Division L4 not found for week 2. Skipping.
2024-10-15 15:37:01,146 - INFO - Processing Division Premier Main for Week 2
2024-10-15 15:37:01,147 - WARNING - Data files for Division Premier Main not found for week 2. Skipping.
2024-10-15 15:37:01,147 - INFO - Processing Division 2 for Week 2
2024-10-15 15:37:01,148 - WARNING - Data files for Division 2 not found for week 2. Skipping.
2024-10-15 15:37:01,149 - INFO - Processing Division 3 for Week 2
2024-10-15 15:37:01,149 - WARNING - Data files for Division 3 not found for week 2. Skipping.
2024-10-15 15:37:01,149 - INFO - Processing Division 4 for Week 2
2024-10-15 15:37:01,150 - WARNING - Data files for Division 4 not found for week 2. Skipping.
2024-10-15 15:37:01,150 - INFO - Processing Division 5 for Week 2
2024-10-15 15:37:01,150 - WARNING - Data files for Division 5 not found for week 2. Skipping.
2024-10-15 15:37:01,150 - INFO - Processing Division 6 for Week 2
2024-10-15 15:37:01,150 - WARNING - Data files for Division 6 not found for week 2. Skipping.
2024-10-15 15:37:01,151 - INFO - Processing Division 7A for Week 2
2024-10-15 15:37:01,175 - INFO - Number of players who played in Division 7A during week 2: 30
2024-10-15 15:37:01,219 - INFO - Player match results saved to C:/Users/bpali/PycharmProjects/SquashApp/2024-2025\player_results\week_2\7A_player_results.csv
2024-10-15 15:37:01,220 - INFO - Processing Division 7B for Week 2
2024-10-15 15:37:01,234 - INFO - Number of players who played in Division 7B during week 2: 30
2024-10-15 15:37:01,268 - INFO - Player match results saved to C:/Users/bpali/PycharmProjects/SquashApp/2024-2025\player_results\week_2\7B_player_results.csv
2024-10-15 15:37:01,269 - INFO - Processing Division 8A for Week 2
2024-10-15 15:37:01,269 - WARNING - Data files for Division 8A not found for week 2. Skipping.
2024-10-15 15:37:01,270 - INFO - Processing Division 8B for Week 2
2024-10-15 15:37:01,270 - WARNING - Data files for Division 8B not found for week 2. Skipping.
2024-10-15 15:37:01,270 - INFO - Processing Division 9 for Week 2
2024-10-15 15:37:01,285 - INFO - Number of players who played in Division 9 during week 2: 39
2024-10-15 15:37:01,322 - INFO - Player match results saved to C:/Users/bpali/PycharmProjects/SquashApp/2024-2025\player_results\week_2\9_player_results.csv
2024-10-15 15:37:01,323 - INFO - Processing Division 10 for Week 2
2024-10-15 15:37:01,324 - WARNING - Data files for Division 10 not found for week 2. Skipping.
2024-10-15 15:37:01,324 - INFO - Processing Division 11 for Week 2
2024-10-15 15:37:01,324 - WARNING - Data files for Division 11 not found for week 2. Skipping.
2024-10-15 15:37:01,325 - INFO - Processing Division 12 for Week 2
2024-10-15 15:37:01,340 - INFO - Number of players who played in Division 12 during week 2: 57
2024-10-15 15:37:01,387 - INFO - Player match results saved to C:/Users/bpali/PycharmProjects/SquashApp/2024-2025\player_results\week_2\12_player_results.csv
2024-10-15 15:37:01,388 - INFO - Processing Division 13A for Week 2
2024-10-15 15:37:01,389 - WARNING - Data files for Division 13A not found for week 2. Skipping.
2024-10-15 15:37:01,389 - INFO - Processing Division 13B for Week 2
2024-10-15 15:37:01,390 - WARNING - Data files for Division 13B not found for week 2. Skipping.
2024-10-15 15:37:01,390 - INFO - Processing Division 14 for Week 2
2024-10-15 15:37:01,405 - INFO - Number of players who played in Division 14 during week 2: 18
2024-10-15 15:37:01,437 - INFO - Player match results saved to C:/Users/bpali/PycharmProjects/SquashApp/2024-2025\player_results\week_2\14_player_results.csv
2024-10-15 15:37:01,438 - INFO - Processing Division 15A for Week 2
2024-10-15 15:37:01,453 - INFO - Number of players who played in Division 15A during week 2: 9
2024-10-15 15:37:01,483 - INFO - Player match results saved to C:/Users/bpali/PycharmProjects/SquashApp/2024-2025\player_results\week_2\15A_player_results.csv
2024-10-15 15:37:01,484 - INFO - Processing Division 15B for Week 2
2024-10-15 15:37:01,497 - INFO - Number of players who played in Division 15B during week 2: 19
2024-10-15 15:37:01,527 - INFO - Player match results saved to C:/Users/bpali/PycharmProjects/SquashApp/2024-2025\player_results\week_2\15B_player_results.csv
2024-10-15 15:37:01,528 - INFO - Processing Division Premier Masters for Week 2
2024-10-15 15:37:01,543 - INFO - Number of players who played in Division Premier Masters during week 2: 6
2024-10-15 15:37:01,567 - INFO - Player match results saved to C:/Users/bpali/PycharmProjects/SquashApp/2024-2025\player_results\week_2\Premier Masters_player_results.csv
2024-10-15 15:37:01,567 - INFO - Processing Division M2 for Week 2
2024-10-15 15:37:01,581 - INFO - Number of players who played in Division M2 during week 2: 8
2024-10-15 15:37:01,608 - INFO - Player match results saved to C:/Users/bpali/PycharmProjects/SquashApp/2024-2025\player_results\week_2\M2_player_results.csv
2024-10-15 15:37:01,609 - INFO - Processing Division M3 for Week 2
2024-10-15 15:37:01,630 - INFO - Number of players who played in Division M3 during week 2: 40
2024-10-15 15:37:01,688 - INFO - Player match results saved to C:/Users/bpali/PycharmProjects/SquashApp/2024-2025\player_results\week_2\M3_player_results.csv
2024-10-15 15:37:01,688 - INFO - Processing Division M4 for Week 2
2024-10-15 15:37:01,705 - INFO - Number of players who played in Division M4 during week 2: 40
2024-10-15 15:37:01,749 - INFO - Player match results saved to C:/Users/bpali/PycharmProjects/SquashApp/2024-2025\player_results\week_2\M4_player_results.csv
2024-10-15 15:37:01,749 - INFO - Processing Division Premier Ladies for Week 2
2024-10-15 15:37:01,750 - WARNING - Data files for Division Premier Ladies not found for week 2. Skipping.
2024-10-15 15:37:01,750 - INFO - Processing Division L2 for Week 2
2024-10-15 15:37:01,751 - WARNING - Data files for Division L2 not found for week 2. Skipping.
2024-10-15 15:37:01,751 - INFO - Processing Division L3 for Week 2
2024-10-15 15:37:01,753 - WARNING - Data files for Division L3 not found for week 2. Skipping.
2024-10-15 15:37:01,753 - INFO - Processing Division L4 for Week 2
2024-10-15 15:37:01,753 - WARNING - Data files for Division L4 not found for week 2. Skipping.
2024-10-15 15:37:42,810 - INFO - Processing Division Premier Main for Week 1
2024-10-15 15:37:42,824 - INFO - Number of players who played in Division Premier Main during week 1: 15
2024-10-15 15:37:42,862 - INFO - Player match results saved to C:/Users/bpali/PycharmProjects/SquashApp/2024-2025\player_results\week_1\Premier Main_player_results.csv
2024-10-15 15:37:42,862 - INFO - Processing Division 2 for Week 1
2024-10-15 15:37:42,870 - INFO - Number of players who played in Division 2 during week 1: 16
2024-10-15 15:37:42,897 - INFO - Player match results saved to C:/Users/bpali/PycharmProjects/SquashApp/2024-2025\player_results\week_1\2_player_results.csv
2024-10-15 15:37:42,897 - INFO - Processing Division 3 for Week 1
2024-10-15 15:37:42,905 - INFO - Number of players who played in Division 3 during week 1: 40
2024-10-15 15:37:42,947 - INFO - Player match results saved to C:/Users/bpali/PycharmProjects/SquashApp/2024-2025\player_results\week_1\3_player_results.csv
2024-10-15 15:37:42,948 - INFO - Processing Division 4 for Week 1
2024-10-15 15:37:42,956 - INFO - Number of players who played in Division 4 during week 1: 38
2024-10-15 15:37:42,992 - INFO - Player match results saved to C:/Users/bpali/PycharmProjects/SquashApp/2024-2025\player_results\week_1\4_player_results.csv
2024-10-15 15:37:42,994 - INFO - Processing Division 5 for Week 1
2024-10-15 15:37:43,002 - INFO - Number of players who played in Division 5 during week 1: 50
2024-10-15 15:37:43,042 - INFO - Player match results saved to C:/Users/bpali/PycharmProjects/SquashApp/2024-2025\player_results\week_1\5_player_results.csv
2024-10-15 15:37:43,044 - INFO - Processing Division 6 for Week 1
2024-10-15 15:37:43,052 - INFO - Number of players who played in Division 6 during week 1: 50
2024-10-15 15:37:43,092 - INFO - Player match results saved to C:/Users/bpali/PycharmProjects/SquashApp/2024-2025\player_results\week_1\6_player_results.csv
2024-10-15 15:37:43,093 - INFO - Processing Division 7A for Week 1
2024-10-15 15:37:43,101 - INFO - Number of players who played in Division 7A during week 1: 28
2024-10-15 15:37:43,130 - INFO - Player match results saved to C:/Users/bpali/PycharmProjects/SquashApp/2024-2025\player_results\week_1\7A_player_results.csv
2024-10-15 15:37:43,131 - INFO - Processing Division 7B for Week 1
2024-10-15 15:37:43,138 - INFO - Number of players who played in Division 7B during week 1: 30
2024-10-15 15:37:43,168 - INFO - Player match results saved to C:/Users/bpali/PycharmProjects/SquashApp/2024-2025\player_results\week_1\7B_player_results.csv
2024-10-15 15:37:43,169 - INFO - Processing Division 8A for Week 1
2024-10-15 15:37:43,177 - INFO - Number of players who played in Division 8A during week 1: 40
2024-10-15 15:37:43,210 - INFO - Player match results saved to C:/Users/bpali/PycharmProjects/SquashApp/2024-2025\player_results\week_1\8A_player_results.csv
2024-10-15 15:37:43,211 - INFO - Processing Division 8B for Week 1
2024-10-15 15:37:43,218 - INFO - Number of players who played in Division 8B during week 1: 39
2024-10-15 15:37:43,252 - INFO - Player match results saved to C:/Users/bpali/PycharmProjects/SquashApp/2024-2025\player_results\week_1\8B_player_results.csv
2024-10-15 15:37:43,252 - INFO - Processing Division 9 for Week 1
2024-10-15 15:37:43,260 - INFO - Number of players who played in Division 9 during week 1: 40
2024-10-15 15:37:43,293 - INFO - Player match results saved to C:/Users/bpali/PycharmProjects/SquashApp/2024-2025\player_results\week_1\9_player_results.csv
2024-10-15 15:37:43,293 - INFO - Processing Division 10 for Week 1
2024-10-15 15:37:43,300 - INFO - Number of players who played in Division 10 during week 1: 30
2024-10-15 15:37:43,329 - INFO - Player match results saved to C:/Users/bpali/PycharmProjects/SquashApp/2024-2025\player_results\week_1\10_player_results.csv
2024-10-15 15:37:43,330 - INFO - Processing Division 11 for Week 1
2024-10-15 15:37:43,337 - INFO - Number of players who played in Division 11 during week 1: 40
2024-10-15 15:37:43,369 - INFO - Player match results saved to C:/Users/bpali/PycharmProjects/SquashApp/2024-2025\player_results\week_1\11_player_results.csv
2024-10-15 15:37:43,370 - INFO - Processing Division 12 for Week 1
2024-10-15 15:37:43,378 - INFO - Number of players who played in Division 12 during week 1: 55
2024-10-15 15:37:43,416 - INFO - Player match results saved to C:/Users/bpali/PycharmProjects/SquashApp/2024-2025\player_results\week_1\12_player_results.csv
2024-10-15 15:37:43,416 - INFO - Processing Division 13A for Week 1
2024-10-15 15:37:43,423 - INFO - Number of players who played in Division 13A during week 1: 60
2024-10-15 15:37:43,462 - INFO - Player match results saved to C:/Users/bpali/PycharmProjects/SquashApp/2024-2025\player_results\week_1\13A_player_results.csv
2024-10-15 15:37:43,463 - INFO - Processing Division 13B for Week 1
2024-10-15 15:37:43,471 - INFO - Number of players who played in Division 13B during week 1: 56
2024-10-15 15:37:43,506 - INFO - Player match results saved to C:/Users/bpali/PycharmProjects/SquashApp/2024-2025\player_results\week_1\13B_player_results.csv
2024-10-15 15:37:43,507 - INFO - Processing Division 14 for Week 1
2024-10-15 15:37:43,514 - INFO - Number of players who played in Division 14 during week 1: 31
2024-10-15 15:37:43,548 - INFO - Player match results saved to C:/Users/bpali/PycharmProjects/SquashApp/2024-2025\player_results\week_1\14_player_results.csv
2024-10-15 15:37:43,549 - INFO - Processing Division 15A for Week 1
2024-10-15 15:37:43,556 - INFO - Number of players who played in Division 15A during week 1: 28
2024-10-15 15:37:43,586 - INFO - Player match results saved to C:/Users/bpali/PycharmProjects/SquashApp/2024-2025\player_results\week_1\15A_player_results.csv
2024-10-15 15:37:43,586 - INFO - Processing Division 15B for Week 1
2024-10-15 15:37:43,594 - INFO - Number of players who played in Division 15B during week 1: 39
2024-10-15 15:37:43,625 - INFO - Player match results saved to C:/Users/bpali/PycharmProjects/SquashApp/2024-2025\player_results\week_1\15B_player_results.csv
2024-10-15 15:37:43,626 - INFO - Processing Division Premier Masters for Week 1
2024-10-15 15:37:43,633 - INFO - Number of players who played in Division Premier Masters during week 1: 6
2024-10-15 15:37:43,653 - INFO - Player match results saved to C:/Users/bpali/PycharmProjects/SquashApp/2024-2025\player_results\week_1\Premier Masters_player_results.csv
2024-10-15 15:37:43,654 - INFO - Processing Division M2 for Week 1
2024-10-15 15:37:43,663 - INFO - Number of players who played in Division M2 during week 1: 24
2024-10-15 15:37:43,690 - INFO - Player match results saved to C:/Users/bpali/PycharmProjects/SquashApp/2024-2025\player_results\week_1\M2_player_results.csv
2024-10-15 15:37:43,691 - INFO - Processing Division M3 for Week 1
2024-10-15 15:37:43,698 - INFO - Number of players who played in Division M3 during week 1: 39
2024-10-15 15:37:43,732 - INFO - Player match results saved to C:/Users/bpali/PycharmProjects/SquashApp/2024-2025\player_results\week_1\M3_player_results.csv
2024-10-15 15:37:43,733 - INFO - Processing Division M4 for Week 1
2024-10-15 15:37:43,740 - INFO - Number of players who played in Division M4 during week 1: 39
2024-10-15 15:37:43,772 - INFO - Player match results saved to C:/Users/bpali/PycharmProjects/SquashApp/2024-2025\player_results\week_1\M4_player_results.csv
2024-10-15 15:37:43,773 - INFO - Processing Division Premier Ladies for Week 1
2024-10-15 15:37:43,781 - INFO - Number of players who played in Division Premier Ladies during week 1: 12
2024-10-15 15:37:43,804 - INFO - Player match results saved to C:/Users/bpali/PycharmProjects/SquashApp/2024-2025\player_results\week_1\Premier Ladies_player_results.csv
2024-10-15 15:37:43,805 - INFO - Processing Division L2 for Week 1
2024-10-15 15:37:43,813 - INFO - Number of players who played in Division L2 during week 1: 24
2024-10-15 15:37:43,839 - INFO - Player match results saved to C:/Users/bpali/PycharmProjects/SquashApp/2024-2025\player_results\week_1\L2_player_results.csv
2024-10-15 15:37:43,839 - INFO - Processing Division L3 for Week 1
2024-10-15 15:37:43,847 - INFO - Number of players who played in Division L3 during week 1: 18
2024-10-15 15:37:43,872 - INFO - Player match results saved to C:/Users/bpali/PycharmProjects/SquashApp/2024-2025\player_results\week_1\L3_player_results.csv
2024-10-15 15:37:43,873 - INFO - Processing Division L4 for Week 1
2024-10-15 15:37:43,881 - INFO - Number of players who played in Division L4 during week 1: 18
2024-10-15 15:37:43,908 - INFO - Player match results saved to C:/Users/bpali/PycharmProjects/SquashApp/2024-2025\player_results\week_1\L4_player_results.csv
2024-10-19 22:49:46,715 - INFO - Processing Division Premier Main for Week 1
2024-10-19 22:49:46,730 - INFO - Number of players who played in Division Premier Main during week 1: 15
2024-10-19 22:49:46,767 - INFO - Player match results saved to C:/Users/bpali/PycharmProjects/SquashApp/2024-2025\player_results\week_1\Premier Main_player_results.csv
2024-10-19 22:49:46,767 - INFO - Processing Division 2 for Week 1
2024-10-19 22:49:46,769 - INFO - Number of players who played in Division 2 during week 1: 16
2024-10-19 22:49:46,803 - INFO - Player match results saved to C:/Users/bpali/PycharmProjects/SquashApp/2024-2025\player_results\week_1\2_player_results.csv
2024-10-19 22:49:46,803 - INFO - Processing Division 3 for Week 1
2024-10-19 22:49:46,805 - INFO - Number of players who played in Division 3 during week 1: 40
2024-10-19 22:49:46,839 - INFO - Player match results saved to C:/Users/bpali/PycharmProjects/SquashApp/2024-2025\player_results\week_1\3_player_results.csv
2024-10-19 22:49:46,839 - INFO - Processing Division 4 for Week 1
2024-10-19 22:49:46,852 - INFO - Number of players who played in Division 4 during week 1: 38
2024-10-19 22:49:46,886 - INFO - Player match results saved to C:/Users/bpali/PycharmProjects/SquashApp/2024-2025\player_results\week_1\4_player_results.csv
2024-10-19 22:49:46,886 - INFO - Processing Division 5 for Week 1
2024-10-19 22:49:46,886 - INFO - Number of players who played in Division 5 during week 1: 50
2024-10-19 22:49:46,920 - INFO - Player match results saved to C:/Users/bpali/PycharmProjects/SquashApp/2024-2025\player_results\week_1\5_player_results.csv
2024-10-19 22:49:46,920 - INFO - Processing Division 6 for Week 1
2024-10-19 22:49:46,939 - INFO - Number of players who played in Division 6 during week 1: 50
2024-10-19 22:49:46,974 - INFO - Player match results saved to C:/Users/bpali/PycharmProjects/SquashApp/2024-2025\player_results\week_1\6_player_results.csv
2024-10-19 22:49:46,974 - INFO - Processing Division 7A for Week 1
2024-10-19 22:49:46,987 - INFO - Number of players who played in Division 7A during week 1: 28
2024-10-19 22:49:47,018 - INFO - Player match results saved to C:/Users/bpali/PycharmProjects/SquashApp/2024-2025\player_results\week_1\7A_player_results.csv
2024-10-19 22:49:47,019 - INFO - Processing Division 7B for Week 1
2024-10-19 22:49:47,029 - INFO - Number of players who played in Division 7B during week 1: 30
2024-10-19 22:49:47,053 - INFO - Player match results saved to C:/Users/bpali/PycharmProjects/SquashApp/2024-2025\player_results\week_1\7B_player_results.csv
2024-10-19 22:49:47,053 - INFO - Processing Division 8A for Week 1
2024-10-19 22:49:47,065 - INFO - Number of players who played in Division 8A during week 1: 40
2024-10-19 22:49:47,104 - INFO - Player match results saved to C:/Users/bpali/PycharmProjects/SquashApp/2024-2025\player_results\week_1\8A_player_results.csv
2024-10-19 22:49:47,105 - INFO - Processing Division 8B for Week 1
2024-10-19 22:49:47,105 - INFO - Number of players who played in Division 8B during week 1: 39
2024-10-19 22:49:47,148 - INFO - Player match results saved to C:/Users/bpali/PycharmProjects/SquashApp/2024-2025\player_results\week_1\8B_player_results.csv
2024-10-19 22:49:47,148 - INFO - Processing Division 9 for Week 1
2024-10-19 22:49:47,169 - INFO - Number of players who played in Division 9 during week 1: 40
2024-10-19 22:49:47,203 - INFO - Player match results saved to C:/Users/bpali/PycharmProjects/SquashApp/2024-2025\player_results\week_1\9_player_results.csv
2024-10-19 22:49:47,203 - INFO - Processing Division 10 for Week 1
2024-10-19 22:49:47,215 - INFO - Number of players who played in Division 10 during week 1: 30
2024-10-19 22:49:47,265 - INFO - Player match results saved to C:/Users/bpali/PycharmProjects/SquashApp/2024-2025\player_results\week_1\10_player_results.csv
2024-10-19 22:49:47,265 - INFO - Processing Division 11 for Week 1
2024-10-19 22:49:47,265 - INFO - Number of players who played in Division 11 during week 1: 50
2024-10-19 22:49:47,316 - INFO - Player match results saved to C:/Users/bpali/PycharmProjects/SquashApp/2024-2025\player_results\week_1\11_player_results.csv
2024-10-19 22:49:47,317 - INFO - Processing Division 12 for Week 1
2024-10-19 22:49:47,326 - INFO - Number of players who played in Division 12 during week 1: 55
2024-10-19 22:49:47,352 - INFO - Player match results saved to C:/Users/bpali/PycharmProjects/SquashApp/2024-2025\player_results\week_1\12_player_results.csv
2024-10-19 22:49:47,352 - INFO - Processing Division 13A for Week 1
2024-10-19 22:49:47,366 - INFO - Number of players who played in Division 13A during week 1: 60
2024-10-19 22:49:47,405 - INFO - Player match results saved to C:/Users/bpali/PycharmProjects/SquashApp/2024-2025\player_results\week_1\13A_player_results.csv
2024-10-19 22:49:47,405 - INFO - Processing Division 13B for Week 1
2024-10-19 22:49:47,422 - INFO - Number of players who played in Division 13B during week 1: 56
2024-10-19 22:49:47,453 - INFO - Player match results saved to C:/Users/bpali/PycharmProjects/SquashApp/2024-2025\player_results\week_1\13B_player_results.csv
2024-10-19 22:49:47,453 - INFO - Processing Division 14 for Week 1
2024-10-19 22:49:47,474 - INFO - Number of players who played in Division 14 during week 1: 31
2024-10-19 22:49:47,502 - INFO - Player match results saved to C:/Users/bpali/PycharmProjects/SquashApp/2024-2025\player_results\week_1\14_player_results.csv
2024-10-19 22:49:47,502 - INFO - Processing Division 15A for Week 1
2024-10-19 22:49:47,519 - INFO - Number of players who played in Division 15A during week 1: 28
2024-10-19 22:49:47,548 - INFO - Player match results saved to C:/Users/bpali/PycharmProjects/SquashApp/2024-2025\player_results\week_1\15A_player_results.csv
2024-10-19 22:49:47,550 - INFO - Processing Division 15B for Week 1
2024-10-19 22:49:47,554 - INFO - Number of players who played in Division 15B during week 1: 39
2024-10-19 22:49:47,587 - INFO - Player match results saved to C:/Users/bpali/PycharmProjects/SquashApp/2024-2025\player_results\week_1\15B_player_results.csv
2024-10-19 22:49:47,587 - INFO - Processing Division Premier Masters for Week 1
2024-10-19 22:49:47,607 - INFO - Number of players who played in Division Premier Masters during week 1: 6
2024-10-19 22:49:47,628 - INFO - Player match results saved to C:/Users/bpali/PycharmProjects/SquashApp/2024-2025\player_results\week_1\Premier Masters_player_results.csv
2024-10-19 22:49:47,628 - INFO - Processing Division M2 for Week 1
2024-10-19 22:49:47,640 - INFO - Number of players who played in Division M2 during week 1: 24
2024-10-19 22:49:47,670 - INFO - Player match results saved to C:/Users/bpali/PycharmProjects/SquashApp/2024-2025\player_results\week_1\M2_player_results.csv
2024-10-19 22:49:47,670 - INFO - Processing Division M3 for Week 1
2024-10-19 22:49:47,670 - INFO - Number of players who played in Division M3 during week 1: 39
2024-10-19 22:49:47,706 - INFO - Player match results saved to C:/Users/bpali/PycharmProjects/SquashApp/2024-2025\player_results\week_1\M3_player_results.csv
2024-10-19 22:49:47,706 - INFO - Processing Division M4 for Week 1
2024-10-19 22:49:47,724 - INFO - Number of players who played in Division M4 during week 1: 39
2024-10-19 22:49:47,759 - INFO - Player match results saved to C:/Users/bpali/PycharmProjects/SquashApp/2024-2025\player_results\week_1\M4_player_results.csv
2024-10-19 22:49:47,759 - INFO - Processing Division Premier Ladies for Week 1
2024-10-19 22:49:47,771 - INFO - Number of players who played in Division Premier Ladies during week 1: 12
2024-10-19 22:49:47,794 - INFO - Player match results saved to C:/Users/bpali/PycharmProjects/SquashApp/2024-2025\player_results\week_1\Premier Ladies_player_results.csv
2024-10-19 22:49:47,794 - INFO - Processing Division L2 for Week 1
2024-10-19 22:49:47,809 - INFO - Number of players who played in Division L2 during week 1: 24
2024-10-19 22:49:47,834 - INFO - Player match results saved to C:/Users/bpali/PycharmProjects/SquashApp/2024-2025\player_results\week_1\L2_player_results.csv
2024-10-19 22:49:47,836 - INFO - Processing Division L3 for Week 1
2024-10-19 22:49:47,840 - INFO - Number of players who played in Division L3 during week 1: 18
2024-10-19 22:49:47,868 - INFO - Player match results saved to C:/Users/bpali/PycharmProjects/SquashApp/2024-2025\player_results\week_1\L3_player_results.csv
2024-10-19 22:49:47,869 - INFO - Processing Division L4 for Week 1
2024-10-19 22:49:47,873 - INFO - Number of players who played in Division L4 during week 1: 18
2024-10-19 22:49:47,902 - INFO - Player match results saved to C:/Users/bpali/PycharmProjects/SquashApp/2024-2025\player_results\week_1\L4_player_results.csv
2024-10-19 22:49:57,072 - INFO - Processing Division Premier Main for Week 1
2024-10-19 22:49:57,072 - INFO - Number of players who played in Division Premier Main during week 1: 15
2024-10-19 22:49:57,125 - INFO - Player match results saved to C:/Users/bpali/PycharmProjects/SquashApp/2024-2025\player_results\week_1\Premier Main_player_results.csv
2024-10-19 22:49:57,125 - INFO - Processing Division 2 for Week 1
2024-10-19 22:49:57,125 - INFO - Number of players who played in Division 2 during week 1: 16
2024-10-19 22:49:57,162 - INFO - Player match results saved to C:/Users/bpali/PycharmProjects/SquashApp/2024-2025\player_results\week_1\2_player_results.csv
2024-10-19 22:49:57,163 - INFO - Processing Division 3 for Week 1
2024-10-19 22:49:57,165 - INFO - Number of players who played in Division 3 during week 1: 40
2024-10-19 22:49:57,203 - INFO - Player match results saved to C:/Users/bpali/PycharmProjects/SquashApp/2024-2025\player_results\week_1\3_player_results.csv
2024-10-19 22:49:57,204 - INFO - Processing Division 4 for Week 1
2024-10-19 22:49:57,211 - INFO - Number of players who played in Division 4 during week 1: 38
2024-10-19 22:49:57,243 - INFO - Player match results saved to C:/Users/bpali/PycharmProjects/SquashApp/2024-2025\player_results\week_1\4_player_results.csv
2024-10-19 22:49:57,243 - INFO - Processing Division 5 for Week 1
2024-10-19 22:49:57,243 - INFO - Number of players who played in Division 5 during week 1: 50
2024-10-19 22:49:57,285 - INFO - Player match results saved to C:/Users/bpali/PycharmProjects/SquashApp/2024-2025\player_results\week_1\5_player_results.csv
2024-10-19 22:49:57,286 - INFO - Processing Division 6 for Week 1
2024-10-19 22:49:57,295 - INFO - Number of players who played in Division 6 during week 1: 50
2024-10-19 22:49:57,327 - INFO - Player match results saved to C:/Users/bpali/PycharmProjects/SquashApp/2024-2025\player_results\week_1\6_player_results.csv
2024-10-19 22:49:57,328 - INFO - Processing Division 7A for Week 1
2024-10-19 22:49:57,335 - INFO - Number of players who played in Division 7A during week 1: 28
2024-10-19 22:49:57,359 - INFO - Player match results saved to C:/Users/bpali/PycharmProjects/SquashApp/2024-2025\player_results\week_1\7A_player_results.csv
2024-10-19 22:49:57,359 - INFO - Processing Division 7B for Week 1
2024-10-19 22:49:57,359 - INFO - Number of players who played in Division 7B during week 1: 30
2024-10-19 22:49:57,396 - INFO - Player match results saved to C:/Users/bpali/PycharmProjects/SquashApp/2024-2025\player_results\week_1\7B_player_results.csv
2024-10-19 22:49:57,396 - INFO - Processing Division 8A for Week 1
2024-10-19 22:49:57,409 - INFO - Number of players who played in Division 8A during week 1: 40
2024-10-19 22:49:57,432 - INFO - Player match results saved to C:/Users/bpali/PycharmProjects/SquashApp/2024-2025\player_results\week_1\8A_player_results.csv
2024-10-19 22:49:57,432 - INFO - Processing Division 8B for Week 1
2024-10-19 22:49:57,448 - INFO - Number of players who played in Division 8B during week 1: 39
2024-10-19 22:49:57,476 - INFO - Player match results saved to C:/Users/bpali/PycharmProjects/SquashApp/2024-2025\player_results\week_1\8B_player_results.csv
2024-10-19 22:49:57,476 - INFO - Processing Division 9 for Week 1
2024-10-19 22:49:57,491 - INFO - Number of players who played in Division 9 during week 1: 40
2024-10-19 22:49:57,529 - INFO - Player match results saved to C:/Users/bpali/PycharmProjects/SquashApp/2024-2025\player_results\week_1\9_player_results.csv
2024-10-19 22:49:57,529 - INFO - Processing Division 10 for Week 1
2024-10-19 22:49:57,529 - INFO - Number of players who played in Division 10 during week 1: 30
2024-10-19 22:49:57,560 - INFO - Player match results saved to C:/Users/bpali/PycharmProjects/SquashApp/2024-2025\player_results\week_1\10_player_results.csv
2024-10-19 22:49:57,560 - INFO - Processing Division 11 for Week 1
2024-10-19 22:49:57,560 - INFO - Number of players who played in Division 11 during week 1: 50
2024-10-19 22:49:57,601 - INFO - Player match results saved to C:/Users/bpali/PycharmProjects/SquashApp/2024-2025\player_results\week_1\11_player_results.csv
2024-10-19 22:49:57,601 - INFO - Processing Division 12 for Week 1
2024-10-19 22:49:57,611 - INFO - Number of players who played in Division 12 during week 1: 55
2024-10-19 22:49:57,649 - INFO - Player match results saved to C:/Users/bpali/PycharmProjects/SquashApp/2024-2025\player_results\week_1\12_player_results.csv
2024-10-19 22:49:57,649 - INFO - Processing Division 13A for Week 1
2024-10-19 22:49:57,662 - INFO - Number of players who played in Division 13A during week 1: 60
2024-10-19 22:49:57,696 - INFO - Player match results saved to C:/Users/bpali/PycharmProjects/SquashApp/2024-2025\player_results\week_1\13A_player_results.csv
2024-10-19 22:49:57,696 - INFO - Processing Division 13B for Week 1
2024-10-19 22:49:57,696 - INFO - Number of players who played in Division 13B during week 1: 56
2024-10-19 22:49:57,744 - INFO - Player match results saved to C:/Users/bpali/PycharmProjects/SquashApp/2024-2025\player_results\week_1\13B_player_results.csv
2024-10-19 22:49:57,744 - INFO - Processing Division 14 for Week 1
2024-10-19 22:49:57,744 - INFO - Number of players who played in Division 14 during week 1: 31
2024-10-19 22:49:57,782 - INFO - Player match results saved to C:/Users/bpali/PycharmProjects/SquashApp/2024-2025\player_results\week_1\14_player_results.csv
2024-10-19 22:49:57,782 - INFO - Processing Division 15A for Week 1
2024-10-19 22:49:57,782 - INFO - Number of players who played in Division 15A during week 1: 28
2024-10-19 22:49:57,821 - INFO - Player match results saved to C:/Users/bpali/PycharmProjects/SquashApp/2024-2025\player_results\week_1\15A_player_results.csv
2024-10-19 22:49:57,821 - INFO - Processing Division 15B for Week 1
2024-10-19 22:49:57,830 - INFO - Number of players who played in Division 15B during week 1: 39
2024-10-19 22:49:57,862 - INFO - Player match results saved to C:/Users/bpali/PycharmProjects/SquashApp/2024-2025\player_results\week_1\15B_player_results.csv
2024-10-19 22:49:57,863 - INFO - Processing Division Premier Masters for Week 1
2024-10-19 22:49:57,867 - INFO - Number of players who played in Division Premier Masters during week 1: 6
2024-10-19 22:49:57,879 - INFO - Player match results saved to C:/Users/bpali/PycharmProjects/SquashApp/2024-2025\player_results\week_1\Premier Masters_player_results.csv
2024-10-19 22:49:57,879 - INFO - Processing Division M2 for Week 1
2024-10-19 22:49:57,894 - INFO - Number of players who played in Division M2 during week 1: 24
2024-10-19 22:49:57,918 - INFO - Player match results saved to C:/Users/bpali/PycharmProjects/SquashApp/2024-2025\player_results\week_1\M2_player_results.csv
2024-10-19 22:49:57,918 - INFO - Processing Division M3 for Week 1
2024-10-19 22:49:57,932 - INFO - Number of players who played in Division M3 during week 1: 39
2024-10-19 22:49:57,964 - INFO - Player match results saved to C:/Users/bpali/PycharmProjects/SquashApp/2024-2025\player_results\week_1\M3_player_results.csv
2024-10-19 22:49:57,965 - INFO - Processing Division M4 for Week 1
2024-10-19 22:49:57,966 - INFO - Number of players who played in Division M4 during week 1: 39
2024-10-19 22:49:58,009 - INFO - Player match results saved to C:/Users/bpali/PycharmProjects/SquashApp/2024-2025\player_results\week_1\M4_player_results.csv
2024-10-19 22:49:58,010 - INFO - Processing Division Premier Ladies for Week 1
2024-10-19 22:49:58,010 - INFO - Number of players who played in Division Premier Ladies during week 1: 12
2024-10-19 22:49:58,030 - INFO - Player match results saved to C:/Users/bpali/PycharmProjects/SquashApp/2024-2025\player_results\week_1\Premier Ladies_player_results.csv
2024-10-19 22:49:58,030 - INFO - Processing Division L2 for Week 1
2024-10-19 22:49:58,047 - INFO - Number of players who played in Division L2 during week 1: 24
2024-10-19 22:49:58,067 - INFO - Player match results saved to C:/Users/bpali/PycharmProjects/SquashApp/2024-2025\player_results\week_1\L2_player_results.csv
2024-10-19 22:49:58,067 - INFO - Processing Division L3 for Week 1
2024-10-19 22:49:58,081 - INFO - Number of players who played in Division L3 during week 1: 18
2024-10-19 22:49:58,102 - INFO - Player match results saved to C:/Users/bpali/PycharmProjects/SquashApp/2024-2025\player_results\week_1\L3_player_results.csv
2024-10-19 22:49:58,102 - INFO - Processing Division L4 for Week 1
2024-10-19 22:49:58,116 - INFO - Number of players who played in Division L4 during week 1: 18
2024-10-19 22:49:58,139 - INFO - Player match results saved to C:/Users/bpali/PycharmProjects/SquashApp/2024-2025\player_results\week_1\L4_player_results.csv
2024-10-19 22:49:58,140 - INFO - Processing Division Premier Main for Week 2
2024-10-19 22:49:58,147 - INFO - Number of players who played in Division Premier Main during week 2: 5
2024-10-19 22:49:58,181 - INFO - Player match results saved to C:/Users/bpali/PycharmProjects/SquashApp/2024-2025\player_results\week_2\Premier Main_player_results.csv
2024-10-19 22:49:58,182 - INFO - Processing Division 2 for Week 2
2024-10-19 22:49:58,197 - INFO - Number of players who played in Division 2 during week 2: 16
2024-10-19 22:49:58,223 - INFO - Player match results saved to C:/Users/bpali/PycharmProjects/SquashApp/2024-2025\player_results\week_2\2_player_results.csv
2024-10-19 22:49:58,223 - INFO - Processing Division 3 for Week 2
2024-10-19 22:49:58,237 - INFO - Number of players who played in Division 3 during week 2: 39
2024-10-19 22:49:58,277 - INFO - Player match results saved to C:/Users/bpali/PycharmProjects/SquashApp/2024-2025\player_results\week_2\3_player_results.csv
2024-10-19 22:49:58,277 - INFO - Processing Division 4 for Week 2
2024-10-19 22:49:58,300 - INFO - Number of players who played in Division 4 during week 2: 39
2024-10-19 22:49:58,333 - INFO - Player match results saved to C:/Users/bpali/PycharmProjects/SquashApp/2024-2025\player_results\week_2\4_player_results.csv
2024-10-19 22:49:58,333 - INFO - Processing Division 5 for Week 2
2024-10-19 22:49:58,333 - WARNING - Data files for Division 5 not found for week 2. Skipping.
2024-10-19 22:49:58,333 - INFO - Processing Division 6 for Week 2
2024-10-19 22:49:58,350 - INFO - Number of players who played in Division 6 during week 2: 50
2024-10-19 22:49:58,393 - INFO - Player match results saved to C:/Users/bpali/PycharmProjects/SquashApp/2024-2025\player_results\week_2\6_player_results.csv
2024-10-19 22:49:58,394 - INFO - Processing Division 7A for Week 2
2024-10-19 22:49:58,410 - INFO - Number of players who played in Division 7A during week 2: 30
2024-10-19 22:49:58,444 - INFO - Player match results saved to C:/Users/bpali/PycharmProjects/SquashApp/2024-2025\player_results\week_2\7A_player_results.csv
2024-10-19 22:49:58,444 - INFO - Processing Division 7B for Week 2
2024-10-19 22:49:58,461 - INFO - Number of players who played in Division 7B during week 2: 30
2024-10-19 22:49:58,492 - INFO - Player match results saved to C:/Users/bpali/PycharmProjects/SquashApp/2024-2025\player_results\week_2\7B_player_results.csv
2024-10-19 22:49:58,493 - INFO - Processing Division 8A for Week 2
2024-10-19 22:49:58,494 - WARNING - Data files for Division 8A not found for week 2. Skipping.
2024-10-19 22:49:58,495 - INFO - Processing Division 8B for Week 2
2024-10-19 22:49:58,495 - WARNING - Data files for Division 8B not found for week 2. Skipping.
2024-10-19 22:49:58,496 - INFO - Processing Division 9 for Week 2
2024-10-19 22:49:58,512 - INFO - Number of players who played in Division 9 during week 2: 39
2024-10-19 22:49:58,547 - INFO - Player match results saved to C:/Users/bpali/PycharmProjects/SquashApp/2024-2025\player_results\week_2\9_player_results.csv
2024-10-19 22:49:58,548 - INFO - Processing Division 10 for Week 2
2024-10-19 22:49:58,562 - INFO - Number of players who played in Division 10 during week 2: 30
2024-10-19 22:49:58,598 - INFO - Player match results saved to C:/Users/bpali/PycharmProjects/SquashApp/2024-2025\player_results\week_2\10_player_results.csv
2024-10-19 22:49:58,598 - INFO - Processing Division 11 for Week 2
2024-10-19 22:49:58,614 - INFO - Number of players who played in Division 11 during week 2: 20
2024-10-19 22:49:58,649 - INFO - Player match results saved to C:/Users/bpali/PycharmProjects/SquashApp/2024-2025\player_results\week_2\11_player_results.csv
2024-10-19 22:49:58,650 - INFO - Processing Division 12 for Week 2
2024-10-19 22:49:58,667 - INFO - Number of players who played in Division 12 during week 2: 57
2024-10-19 22:49:58,710 - INFO - Player match results saved to C:/Users/bpali/PycharmProjects/SquashApp/2024-2025\player_results\week_2\12_player_results.csv
2024-10-19 22:49:58,710 - INFO - Processing Division 13A for Week 2
2024-10-19 22:49:58,710 - WARNING - Data files for Division 13A not found for week 2. Skipping.
2024-10-19 22:49:58,710 - INFO - Processing Division 13B for Week 2
2024-10-19 22:49:58,710 - WARNING - Data files for Division 13B not found for week 2. Skipping.
2024-10-19 22:49:58,710 - INFO - Processing Division 14 for Week 2
2024-10-19 22:49:58,728 - INFO - Number of players who played in Division 14 during week 2: 36
2024-10-19 22:49:58,764 - INFO - Player match results saved to C:/Users/bpali/PycharmProjects/SquashApp/2024-2025\player_results\week_2\14_player_results.csv
2024-10-19 22:49:58,764 - INFO - Processing Division 15A for Week 2
2024-10-19 22:49:58,781 - INFO - Number of players who played in Division 15A during week 2: 29
2024-10-19 22:49:58,815 - INFO - Player match results saved to C:/Users/bpali/PycharmProjects/SquashApp/2024-2025\player_results\week_2\15A_player_results.csv
2024-10-19 22:49:58,816 - INFO - Processing Division 15B for Week 2
2024-10-19 22:49:58,830 - INFO - Number of players who played in Division 15B during week 2: 38
2024-10-19 22:49:58,866 - INFO - Player match results saved to C:/Users/bpali/PycharmProjects/SquashApp/2024-2025\player_results\week_2\15B_player_results.csv
2024-10-19 22:49:58,866 - INFO - Processing Division Premier Masters for Week 2
2024-10-19 22:49:58,881 - INFO - Number of players who played in Division Premier Masters during week 2: 11
2024-10-19 22:49:58,895 - INFO - Player match results saved to C:/Users/bpali/PycharmProjects/SquashApp/2024-2025\player_results\week_2\Premier Masters_player_results.csv
2024-10-19 22:49:58,895 - INFO - Processing Division M2 for Week 2
2024-10-19 22:49:58,920 - INFO - Number of players who played in Division M2 during week 2: 24
2024-10-19 22:49:58,949 - INFO - Player match results saved to C:/Users/bpali/PycharmProjects/SquashApp/2024-2025\player_results\week_2\M2_player_results.csv
2024-10-19 22:49:58,949 - INFO - Processing Division M3 for Week 2
2024-10-19 22:49:58,968 - INFO - Number of players who played in Division M3 during week 2: 40
2024-10-19 22:49:59,000 - INFO - Player match results saved to C:/Users/bpali/PycharmProjects/SquashApp/2024-2025\player_results\week_2\M3_player_results.csv
2024-10-19 22:49:59,000 - INFO - Processing Division M4 for Week 2
2024-10-19 22:49:59,012 - INFO - Number of players who played in Division M4 during week 2: 40
2024-10-19 22:49:59,059 - INFO - Player match results saved to C:/Users/bpali/PycharmProjects/SquashApp/2024-2025\player_results\week_2\M4_player_results.csv
2024-10-19 22:49:59,060 - INFO - Processing Division Premier Ladies for Week 2
2024-10-19 22:49:59,076 - INFO - Number of players who played in Division Premier Ladies during week 2: 6
2024-10-19 22:49:59,100 - INFO - Player match results saved to C:/Users/bpali/PycharmProjects/SquashApp/2024-2025\player_results\week_2\Premier Ladies_player_results.csv
2024-10-19 22:49:59,100 - INFO - Processing Division L2 for Week 2
2024-10-19 22:49:59,115 - INFO - Number of players who played in Division L2 during week 2: 24
2024-10-19 22:49:59,146 - INFO - Player match results saved to C:/Users/bpali/PycharmProjects/SquashApp/2024-2025\player_results\week_2\L2_player_results.csv
2024-10-19 22:49:59,147 - INFO - Processing Division L3 for Week 2
2024-10-19 22:49:59,148 - WARNING - Data files for Division L3 not found for week 2. Skipping.
2024-10-19 22:49:59,149 - INFO - Processing Division L4 for Week 2
2024-10-19 22:49:59,149 - WARNING - Data files for Division L4 not found for week 2. Skipping.
2024-10-19 22:50:09,714 - INFO - Processing Division Premier Main for Week 1
2024-10-19 22:50:09,714 - INFO - Number of players who played in Division Premier Main during week 1: 15
2024-10-19 22:50:09,758 - INFO - Player match results saved to C:/Users/bpali/PycharmProjects/SquashApp/2024-2025\player_results\week_1\Premier Main_player_results.csv
2024-10-19 22:50:09,758 - INFO - Processing Division 2 for Week 1
2024-10-19 22:50:09,770 - INFO - Number of players who played in Division 2 during week 1: 16
2024-10-19 22:50:09,796 - INFO - Player match results saved to C:/Users/bpali/PycharmProjects/SquashApp/2024-2025\player_results\week_1\2_player_results.csv
2024-10-19 22:50:09,796 - INFO - Processing Division 3 for Week 1
2024-10-19 22:50:09,806 - INFO - Number of players who played in Division 3 during week 1: 40
2024-10-19 22:50:09,839 - INFO - Player match results saved to C:/Users/bpali/PycharmProjects/SquashApp/2024-2025\player_results\week_1\3_player_results.csv
2024-10-19 22:50:09,839 - INFO - Processing Division 4 for Week 1
2024-10-19 22:50:09,843 - INFO - Number of players who played in Division 4 during week 1: 38
2024-10-19 22:50:09,877 - INFO - Player match results saved to C:/Users/bpali/PycharmProjects/SquashApp/2024-2025\player_results\week_1\4_player_results.csv
2024-10-19 22:50:09,877 - INFO - Processing Division 5 for Week 1
2024-10-19 22:50:09,877 - INFO - Number of players who played in Division 5 during week 1: 50
2024-10-19 22:50:09,922 - INFO - Player match results saved to C:/Users/bpali/PycharmProjects/SquashApp/2024-2025\player_results\week_1\5_player_results.csv
2024-10-19 22:50:09,922 - INFO - Processing Division 6 for Week 1
2024-10-19 22:50:09,922 - INFO - Number of players who played in Division 6 during week 1: 50
2024-10-19 22:50:09,961 - INFO - Player match results saved to C:/Users/bpali/PycharmProjects/SquashApp/2024-2025\player_results\week_1\6_player_results.csv
2024-10-19 22:50:09,961 - INFO - Processing Division 7A for Week 1
2024-10-19 22:50:09,972 - INFO - Number of players who played in Division 7A during week 1: 28
2024-10-19 22:50:10,001 - INFO - Player match results saved to C:/Users/bpali/PycharmProjects/SquashApp/2024-2025\player_results\week_1\7A_player_results.csv
2024-10-19 22:50:10,001 - INFO - Processing Division 7B for Week 1
2024-10-19 22:50:10,008 - INFO - Number of players who played in Division 7B during week 1: 30
2024-10-19 22:50:10,037 - INFO - Player match results saved to C:/Users/bpali/PycharmProjects/SquashApp/2024-2025\player_results\week_1\7B_player_results.csv
2024-10-19 22:50:10,038 - INFO - Processing Division 8A for Week 1
2024-10-19 22:50:10,045 - INFO - Number of players who played in Division 8A during week 1: 40
2024-10-19 22:50:10,077 - INFO - Player match results saved to C:/Users/bpali/PycharmProjects/SquashApp/2024-2025\player_results\week_1\8A_player_results.csv
2024-10-19 22:50:10,078 - INFO - Processing Division 8B for Week 1
2024-10-19 22:50:10,080 - INFO - Number of players who played in Division 8B during week 1: 39
2024-10-19 22:50:10,111 - INFO - Player match results saved to C:/Users/bpali/PycharmProjects/SquashApp/2024-2025\player_results\week_1\8B_player_results.csv
2024-10-19 22:50:10,111 - INFO - Processing Division 9 for Week 1
2024-10-19 22:50:10,127 - INFO - Number of players who played in Division 9 during week 1: 40
2024-10-19 22:50:10,159 - INFO - Player match results saved to C:/Users/bpali/PycharmProjects/SquashApp/2024-2025\player_results\week_1\9_player_results.csv
2024-10-19 22:50:10,160 - INFO - Processing Division 10 for Week 1
2024-10-19 22:50:10,161 - INFO - Number of players who played in Division 10 during week 1: 30
2024-10-19 22:50:10,195 - INFO - Player match results saved to C:/Users/bpali/PycharmProjects/SquashApp/2024-2025\player_results\week_1\10_player_results.csv
2024-10-19 22:50:10,195 - INFO - Processing Division 11 for Week 1
2024-10-19 22:50:10,209 - INFO - Number of players who played in Division 11 during week 1: 50
2024-10-19 22:50:10,241 - INFO - Player match results saved to C:/Users/bpali/PycharmProjects/SquashApp/2024-2025\player_results\week_1\11_player_results.csv
2024-10-19 22:50:10,242 - INFO - Processing Division 12 for Week 1
2024-10-19 22:50:10,245 - INFO - Number of players who played in Division 12 during week 1: 55
2024-10-19 22:50:10,278 - INFO - Player match results saved to C:/Users/bpali/PycharmProjects/SquashApp/2024-2025\player_results\week_1\12_player_results.csv
2024-10-19 22:50:10,278 - INFO - Processing Division 13A for Week 1
2024-10-19 22:50:10,290 - INFO - Number of players who played in Division 13A during week 1: 60
2024-10-19 22:50:10,328 - INFO - Player match results saved to C:/Users/bpali/PycharmProjects/SquashApp/2024-2025\player_results\week_1\13A_player_results.csv
2024-10-19 22:50:10,328 - INFO - Processing Division 13B for Week 1
2024-10-19 22:50:10,339 - INFO - Number of players who played in Division 13B during week 1: 56
2024-10-19 22:50:10,379 - INFO - Player match results saved to C:/Users/bpali/PycharmProjects/SquashApp/2024-2025\player_results\week_1\13B_player_results.csv
2024-10-19 22:50:10,379 - INFO - Processing Division 14 for Week 1
2024-10-19 22:50:10,390 - INFO - Number of players who played in Division 14 during week 1: 31
2024-10-19 22:50:10,425 - INFO - Player match results saved to C:/Users/bpali/PycharmProjects/SquashApp/2024-2025\player_results\week_1\14_player_results.csv
2024-10-19 22:50:10,426 - INFO - Processing Division 15A for Week 1
2024-10-19 22:50:10,428 - INFO - Number of players who played in Division 15A during week 1: 28
2024-10-19 22:50:10,462 - INFO - Player match results saved to C:/Users/bpali/PycharmProjects/SquashApp/2024-2025\player_results\week_1\15A_player_results.csv
2024-10-19 22:50:10,463 - INFO - Processing Division 15B for Week 1
2024-10-19 22:50:10,469 - INFO - Number of players who played in Division 15B during week 1: 39
2024-10-19 22:50:10,495 - INFO - Player match results saved to C:/Users/bpali/PycharmProjects/SquashApp/2024-2025\player_results\week_1\15B_player_results.csv
2024-10-19 22:50:10,495 - INFO - Processing Division Premier Masters for Week 1
2024-10-19 22:50:10,507 - INFO - Number of players who played in Division Premier Masters during week 1: 6
2024-10-19 22:50:10,523 - INFO - Player match results saved to C:/Users/bpali/PycharmProjects/SquashApp/2024-2025\player_results\week_1\Premier Masters_player_results.csv
2024-10-19 22:50:10,523 - INFO - Processing Division M2 for Week 1
2024-10-19 22:50:10,538 - INFO - Number of players who played in Division M2 during week 1: 24
2024-10-19 22:50:10,563 - INFO - Player match results saved to C:/Users/bpali/PycharmProjects/SquashApp/2024-2025\player_results\week_1\M2_player_results.csv
2024-10-19 22:50:10,563 - INFO - Processing Division M3 for Week 1
2024-10-19 22:50:10,574 - INFO - Number of players who played in Division M3 during week 1: 39
2024-10-19 22:50:10,607 - INFO - Player match results saved to C:/Users/bpali/PycharmProjects/SquashApp/2024-2025\player_results\week_1\M3_player_results.csv
2024-10-19 22:50:10,607 - INFO - Processing Division M4 for Week 1
2024-10-19 22:50:10,607 - INFO - Number of players who played in Division M4 during week 1: 39
2024-10-19 22:50:10,644 - INFO - Player match results saved to C:/Users/bpali/PycharmProjects/SquashApp/2024-2025\player_results\week_1\M4_player_results.csv
2024-10-19 22:50:10,644 - INFO - Processing Division Premier Ladies for Week 1
2024-10-19 22:50:10,644 - INFO - Number of players who played in Division Premier Ladies during week 1: 12
2024-10-19 22:50:10,676 - INFO - Player match results saved to C:/Users/bpali/PycharmProjects/SquashApp/2024-2025\player_results\week_1\Premier Ladies_player_results.csv
2024-10-19 22:50:10,677 - INFO - Processing Division L2 for Week 1
2024-10-19 22:50:10,679 - INFO - Number of players who played in Division L2 during week 1: 24
2024-10-19 22:50:10,712 - INFO - Player match results saved to C:/Users/bpali/PycharmProjects/SquashApp/2024-2025\player_results\week_1\L2_player_results.csv
2024-10-19 22:50:10,712 - INFO - Processing Division L3 for Week 1
2024-10-19 22:50:10,712 - INFO - Number of players who played in Division L3 during week 1: 18
2024-10-19 22:50:10,750 - INFO - Player match results saved to C:/Users/bpali/PycharmProjects/SquashApp/2024-2025\player_results\week_1\L3_player_results.csv
2024-10-19 22:50:10,751 - INFO - Processing Division L4 for Week 1
2024-10-19 22:50:10,759 - INFO - Number of players who played in Division L4 during week 1: 18
2024-10-19 22:50:10,773 - INFO - Player match results saved to C:/Users/bpali/PycharmProjects/SquashApp/2024-2025\player_results\week_1\L4_player_results.csv
2024-10-19 22:50:10,773 - INFO - Processing Division Premier Main for Week 2
2024-10-19 22:50:10,796 - INFO - Number of players who played in Division Premier Main during week 2: 5
2024-10-19 22:50:10,824 - INFO - Player match results saved to C:/Users/bpali/PycharmProjects/SquashApp/2024-2025\player_results\week_2\Premier Main_player_results.csv
2024-10-19 22:50:10,825 - INFO - Processing Division 2 for Week 2
2024-10-19 22:50:10,829 - INFO - Number of players who played in Division 2 during week 2: 16
2024-10-19 22:50:10,863 - INFO - Player match results saved to C:/Users/bpali/PycharmProjects/SquashApp/2024-2025\player_results\week_2\2_player_results.csv
2024-10-19 22:50:10,863 - INFO - Processing Division 3 for Week 2
2024-10-19 22:50:10,880 - INFO - Number of players who played in Division 3 during week 2: 39
2024-10-19 22:50:10,908 - INFO - Player match results saved to C:/Users/bpali/PycharmProjects/SquashApp/2024-2025\player_results\week_2\3_player_results.csv
2024-10-19 22:50:10,908 - INFO - Processing Division 4 for Week 2
2024-10-19 22:50:10,922 - INFO - Number of players who played in Division 4 during week 2: 39
2024-10-19 22:50:10,963 - INFO - Player match results saved to C:/Users/bpali/PycharmProjects/SquashApp/2024-2025\player_results\week_2\4_player_results.csv
2024-10-19 22:50:10,963 - INFO - Processing Division 5 for Week 2
2024-10-19 22:50:10,963 - WARNING - Data files for Division 5 not found for week 2. Skipping.
2024-10-19 22:50:10,971 - INFO - Processing Division 6 for Week 2
2024-10-19 22:50:10,974 - INFO - Number of players who played in Division 6 during week 2: 50
2024-10-19 22:50:11,024 - INFO - Player match results saved to C:/Users/bpali/PycharmProjects/SquashApp/2024-2025\player_results\week_2\6_player_results.csv
2024-10-19 22:50:11,024 - INFO - Processing Division 7A for Week 2
2024-10-19 22:50:11,042 - INFO - Number of players who played in Division 7A during week 2: 30
2024-10-19 22:50:11,074 - INFO - Player match results saved to C:/Users/bpali/PycharmProjects/SquashApp/2024-2025\player_results\week_2\7A_player_results.csv
2024-10-19 22:50:11,075 - INFO - Processing Division 7B for Week 2
2024-10-19 22:50:11,082 - INFO - Number of players who played in Division 7B during week 2: 30
2024-10-19 22:50:11,122 - INFO - Player match results saved to C:/Users/bpali/PycharmProjects/SquashApp/2024-2025\player_results\week_2\7B_player_results.csv
2024-10-19 22:50:11,123 - INFO - Processing Division 8A for Week 2
2024-10-19 22:50:11,124 - WARNING - Data files for Division 8A not found for week 2. Skipping.
2024-10-19 22:50:11,124 - INFO - Processing Division 8B for Week 2
2024-10-19 22:50:11,124 - WARNING - Data files for Division 8B not found for week 2. Skipping.
2024-10-19 22:50:11,124 - INFO - Processing Division 9 for Week 2
2024-10-19 22:50:11,124 - INFO - Number of players who played in Division 9 during week 2: 39
2024-10-19 22:50:11,174 - INFO - Player match results saved to C:/Users/bpali/PycharmProjects/SquashApp/2024-2025\player_results\week_2\9_player_results.csv
2024-10-19 22:50:11,174 - INFO - Processing Division 10 for Week 2
2024-10-19 22:50:11,174 - INFO - Number of players who played in Division 10 during week 2: 30
2024-10-19 22:50:11,223 - INFO - Player match results saved to C:/Users/bpali/PycharmProjects/SquashApp/2024-2025\player_results\week_2\10_player_results.csv
2024-10-19 22:50:11,223 - INFO - Processing Division 11 for Week 2
2024-10-19 22:50:11,223 - INFO - Number of players who played in Division 11 during week 2: 20
2024-10-19 22:50:11,262 - INFO - Player match results saved to C:/Users/bpali/PycharmProjects/SquashApp/2024-2025\player_results\week_2\11_player_results.csv
2024-10-19 22:50:11,262 - INFO - Processing Division 12 for Week 2
2024-10-19 22:50:11,274 - INFO - Number of players who played in Division 12 during week 2: 57
2024-10-19 22:50:11,324 - INFO - Player match results saved to C:/Users/bpali/PycharmProjects/SquashApp/2024-2025\player_results\week_2\12_player_results.csv
2024-10-19 22:50:11,324 - INFO - Processing Division 13A for Week 2
2024-10-19 22:50:11,324 - WARNING - Data files for Division 13A not found for week 2. Skipping.
2024-10-19 22:50:11,324 - INFO - Processing Division 13B for Week 2
2024-10-19 22:50:11,324 - WARNING - Data files for Division 13B not found for week 2. Skipping.
2024-10-19 22:50:11,324 - INFO - Processing Division 14 for Week 2
2024-10-19 22:50:11,344 - INFO - Number of players who played in Division 14 during week 2: 36
2024-10-19 22:50:11,377 - INFO - Player match results saved to C:/Users/bpali/PycharmProjects/SquashApp/2024-2025\player_results\week_2\14_player_results.csv
2024-10-19 22:50:11,377 - INFO - Processing Division 15A for Week 2
2024-10-19 22:50:11,389 - INFO - Number of players who played in Division 15A during week 2: 29
2024-10-19 22:50:11,429 - INFO - Player match results saved to C:/Users/bpali/PycharmProjects/SquashApp/2024-2025\player_results\week_2\15A_player_results.csv
2024-10-19 22:50:11,429 - INFO - Processing Division 15B for Week 2
2024-10-19 22:50:11,440 - INFO - Number of players who played in Division 15B during week 2: 38
2024-10-19 22:50:11,479 - INFO - Player match results saved to C:/Users/bpali/PycharmProjects/SquashApp/2024-2025\player_results\week_2\15B_player_results.csv
2024-10-19 22:50:11,479 - INFO - Processing Division Premier Masters for Week 2
2024-10-19 22:50:11,492 - INFO - Number of players who played in Division Premier Masters during week 2: 11
2024-10-19 22:50:11,528 - INFO - Player match results saved to C:/Users/bpali/PycharmProjects/SquashApp/2024-2025\player_results\week_2\Premier Masters_player_results.csv
2024-10-19 22:50:11,528 - INFO - Processing Division M2 for Week 2
2024-10-19 22:50:11,543 - INFO - Number of players who played in Division M2 during week 2: 24
2024-10-19 22:50:11,577 - INFO - Player match results saved to C:/Users/bpali/PycharmProjects/SquashApp/2024-2025\player_results\week_2\M2_player_results.csv
2024-10-19 22:50:11,577 - INFO - Processing Division M3 for Week 2
2024-10-19 22:50:11,593 - INFO - Number of players who played in Division M3 during week 2: 40
2024-10-19 22:50:11,628 - INFO - Player match results saved to C:/Users/bpali/PycharmProjects/SquashApp/2024-2025\player_results\week_2\M3_player_results.csv
2024-10-19 22:50:11,628 - INFO - Processing Division M4 for Week 2
2024-10-19 22:50:11,644 - INFO - Number of players who played in Division M4 during week 2: 40
2024-10-19 22:50:11,679 - INFO - Player match results saved to C:/Users/bpali/PycharmProjects/SquashApp/2024-2025\player_results\week_2\M4_player_results.csv
2024-10-19 22:50:11,681 - INFO - Processing Division Premier Ladies for Week 2
2024-10-19 22:50:11,692 - INFO - Number of players who played in Division Premier Ladies during week 2: 6
2024-10-19 22:50:11,708 - INFO - Player match results saved to C:/Users/bpali/PycharmProjects/SquashApp/2024-2025\player_results\week_2\Premier Ladies_player_results.csv
2024-10-19 22:50:11,708 - INFO - Processing Division L2 for Week 2
2024-10-19 22:50:11,730 - INFO - Number of players who played in Division L2 during week 2: 24
2024-10-19 22:50:11,762 - INFO - Player match results saved to C:/Users/bpali/PycharmProjects/SquashApp/2024-2025\player_results\week_2\L2_player_results.csv
2024-10-19 22:50:11,762 - INFO - Processing Division L3 for Week 2
2024-10-19 22:50:11,763 - WARNING - Data files for Division L3 not found for week 2. Skipping.
2024-10-19 22:50:11,763 - INFO - Processing Division L4 for Week 2
2024-10-19 22:50:11,763 - WARNING - Data files for Division L4 not found for week 2. Skipping.
2024-10-19 22:50:11,763 - INFO - Processing Division Premier Main for Week 3
2024-10-19 22:50:11,763 - WARNING - Data files for Division Premier Main not found for week 3. Skipping.
2024-10-19 22:50:11,763 - INFO - Processing Division 2 for Week 3
2024-10-19 22:50:11,763 - WARNING - Data files for Division 2 not found for week 3. Skipping.
2024-10-19 22:50:11,763 - INFO - Processing Division 3 for Week 3
2024-10-19 22:50:11,763 - WARNING - Data files for Division 3 not found for week 3. Skipping.
2024-10-19 22:50:11,763 - INFO - Processing Division 4 for Week 3
2024-10-19 22:50:11,763 - WARNING - Data files for Division 4 not found for week 3. Skipping.
2024-10-19 22:50:11,763 - INFO - Processing Division 5 for Week 3
2024-10-19 22:50:11,763 - WARNING - Data files for Division 5 not found for week 3. Skipping.
2024-10-19 22:50:11,763 - INFO - Processing Division 6 for Week 3
2024-10-19 22:50:11,763 - WARNING - Data files for Division 6 not found for week 3. Skipping.
2024-10-19 22:50:11,763 - INFO - Processing Division 7A for Week 3
2024-10-19 22:50:11,783 - INFO - Number of players who played in Division 7A during week 3: 20
2024-10-19 22:50:11,810 - INFO - Player match results saved to C:/Users/bpali/PycharmProjects/SquashApp/2024-2025\player_results\week_3\7A_player_results.csv
2024-10-19 22:50:11,810 - INFO - Processing Division 7B for Week 3
2024-10-19 22:50:11,830 - INFO - Number of players who played in Division 7B during week 3: 20
2024-10-19 22:50:11,863 - INFO - Player match results saved to C:/Users/bpali/PycharmProjects/SquashApp/2024-2025\player_results\week_3\7B_player_results.csv
2024-10-19 22:50:11,863 - INFO - Processing Division 8A for Week 3
2024-10-19 22:50:11,863 - WARNING - Data files for Division 8A not found for week 3. Skipping.
2024-10-19 22:50:11,863 - INFO - Processing Division 8B for Week 3
2024-10-19 22:50:11,863 - WARNING - Data files for Division 8B not found for week 3. Skipping.
2024-10-19 22:50:11,863 - INFO - Processing Division 9 for Week 3
2024-10-19 22:50:11,881 - INFO - Number of players who played in Division 9 during week 3: 40
2024-10-19 22:50:11,923 - INFO - Player match results saved to C:/Users/bpali/PycharmProjects/SquashApp/2024-2025\player_results\week_3\9_player_results.csv
2024-10-19 22:50:11,923 - INFO - Processing Division 10 for Week 3
2024-10-19 22:50:11,923 - WARNING - Data files for Division 10 not found for week 3. Skipping.
2024-10-19 22:50:11,923 - INFO - Processing Division 11 for Week 3
2024-10-19 22:50:11,923 - WARNING - Data files for Division 11 not found for week 3. Skipping.
2024-10-19 22:50:11,923 - INFO - Processing Division 12 for Week 3
2024-10-19 22:50:11,943 - INFO - Number of players who played in Division 12 during week 3: 47
2024-10-19 22:50:11,988 - INFO - Player match results saved to C:/Users/bpali/PycharmProjects/SquashApp/2024-2025\player_results\week_3\12_player_results.csv
2024-10-19 22:50:11,989 - INFO - Processing Division 13A for Week 3
2024-10-19 22:50:11,989 - WARNING - Data files for Division 13A not found for week 3. Skipping.
2024-10-19 22:50:11,990 - INFO - Processing Division 13B for Week 3
2024-10-19 22:50:11,991 - WARNING - Data files for Division 13B not found for week 3. Skipping.
2024-10-19 22:50:11,991 - INFO - Processing Division 14 for Week 3
2024-10-19 22:50:11,991 - WARNING - Data files for Division 14 not found for week 3. Skipping.
2024-10-19 22:50:11,991 - INFO - Processing Division 15A for Week 3
2024-10-19 22:50:11,991 - WARNING - Data files for Division 15A not found for week 3. Skipping.
2024-10-19 22:50:11,991 - INFO - Processing Division 15B for Week 3
2024-10-19 22:50:11,991 - WARNING - Data files for Division 15B not found for week 3. Skipping.
2024-10-19 22:50:11,991 - INFO - Processing Division Premier Masters for Week 3
2024-10-19 22:50:11,995 - WARNING - Data files for Division Premier Masters not found for week 3. Skipping.
2024-10-19 22:50:11,995 - INFO - Processing Division M2 for Week 3
2024-10-19 22:50:12,010 - INFO - Number of players who played in Division M2 during week 3: 16
2024-10-19 22:50:12,038 - INFO - Player match results saved to C:/Users/bpali/PycharmProjects/SquashApp/2024-2025\player_results\week_3\M2_player_results.csv
2024-10-19 22:50:12,039 - INFO - Processing Division M3 for Week 3
2024-10-19 22:50:12,045 - INFO - Number of players who played in Division M3 during week 3: 20
2024-10-19 22:50:12,082 - INFO - Player match results saved to C:/Users/bpali/PycharmProjects/SquashApp/2024-2025\player_results\week_3\M3_player_results.csv
2024-10-19 22:50:12,082 - INFO - Processing Division M4 for Week 3
2024-10-19 22:50:12,091 - INFO - Number of players who played in Division M4 during week 3: 30
2024-10-19 22:50:12,141 - INFO - Player match results saved to C:/Users/bpali/PycharmProjects/SquashApp/2024-2025\player_results\week_3\M4_player_results.csv
2024-10-19 22:50:12,141 - INFO - Processing Division Premier Ladies for Week 3
2024-10-19 22:50:12,141 - WARNING - Data files for Division Premier Ladies not found for week 3. Skipping.
2024-10-19 22:50:12,141 - INFO - Processing Division L2 for Week 3
2024-10-19 22:50:12,141 - WARNING - Data files for Division L2 not found for week 3. Skipping.
2024-10-19 22:50:12,141 - INFO - Processing Division L3 for Week 3
2024-10-19 22:50:12,141 - WARNING - Data files for Division L3 not found for week 3. Skipping.
2024-10-19 22:50:12,141 - INFO - Processing Division L4 for Week 3
2024-10-19 22:50:12,141 - WARNING - Data files for Division L4 not found for week 3. Skipping.
