2025-10-08 10:12:33,478 - INFO - Building player mapping for week 1
2025-10-08 10:12:33,480 - WARNING - Players file for Division '2' not found at C:\Users\bpali\PycharmProjects\SquashApp\2025-2026\players_df\week_1\2_players_df.csv. Skipping.
2025-10-08 10:12:33,480 - WARNING - Players file for Division '6' not found at C:\Users\bpali\PycharmProjects\SquashApp\2025-2026\players_df\week_1\6_players_df.csv. Skipping.
2025-10-08 10:12:33,480 - WARNING - Players file for Division '10' not found at C:\Users\bpali\PycharmProjects\SquashApp\2025-2026\players_df\week_1\10_players_df.csv. Skipping.
2025-10-08 10:12:33,480 - WARNING - Players file for Division '3' not found at C:\Users\bpali\PycharmProjects\SquashApp\2025-2026\players_df\week_1\3_players_df.csv. Skipping.
2025-10-08 10:12:33,480 - WARNING - Players file for Division '4' not found at C:\Users\bpali\PycharmProjects\SquashApp\2025-2026\players_df\week_1\4_players_df.csv. Skipping.
2025-10-08 10:12:33,480 - WARNING - Players file for Division '11' not found at C:\Users\bpali\PycharmProjects\SquashApp\2025-2026\players_df\week_1\11_players_df.csv. Skipping.
2025-10-08 10:12:33,482 - WARNING - Players file for Division 'L2' not found at C:\Users\bpali\PycharmProjects\SquashApp\2025-2026\players_df\week_1\L2_players_df.csv. Skipping.
2025-10-08 10:12:33,482 - WARNING - Players file for Division '7' not found at C:\Users\bpali\PycharmProjects\SquashApp\2025-2026\players_df\week_1\7_players_df.csv. Skipping.
2025-10-08 10:12:33,483 - WARNING - Players file for Division '9' not found at C:\Users\bpali\PycharmProjects\SquashApp\2025-2026\players_df\week_1\9_players_df.csv. Skipping.
2025-10-08 10:12:33,483 - WARNING - Players file for Division '12' not found at C:\Users\bpali\PycharmProjects\SquashApp\2025-2026\players_df\week_1\12_players_df.csv. Skipping.
2025-10-08 10:12:33,483 - WARNING - Players file for Division 'M2' not found at C:\Users\bpali\PycharmProjects\SquashApp\2025-2026\players_df\week_1\M2_players_df.csv. Skipping.
2025-10-08 10:12:33,484 - WARNING - Players file for Division 'Premier Main' not found at C:\Users\bpali\PycharmProjects\SquashApp\2025-2026\players_df\week_1\Premier Main_players_df.csv. Skipping.
2025-10-08 10:12:33,484 - WARNING - Players file for Division 'Premier Masters' not found at C:\Users\bpali\PycharmProjects\SquashApp\2025-2026\players_df\week_1\Premier Masters_players_df.csv. Skipping.
2025-10-08 10:12:33,484 - WARNING - Players file for Division 'Premier Ladies' not found at C:\Users\bpali\PycharmProjects\SquashApp\2025-2026\players_df\week_1\Premier Ladies_players_df.csv. Skipping.
2025-10-08 10:12:33,557 - WARNING - Players file for Division '8A' not found at C:\Users\bpali\PycharmProjects\SquashApp\2025-2026\players_df\week_1\8A_players_df.csv. Skipping.
2025-10-08 10:12:33,654 - WARNING - Players file for Division '14' not found at C:\Users\bpali\PycharmProjects\SquashApp\2025-2026\players_df\week_1\14_players_df.csv. Skipping.
2025-10-08 10:12:33,684 - INFO - Processing Division '2' for Week 1
2025-10-08 10:12:33,685 - WARNING - Data files for Division '2' not found for week 1. Skipping.
2025-10-08 10:12:33,685 - INFO - Processing Division '6' for Week 1
2025-10-08 10:12:33,686 - WARNING - Data files for Division '6' not found for week 1. Skipping.
2025-10-08 10:12:33,686 - INFO - Processing Division '10' for Week 1
2025-10-08 10:12:33,686 - WARNING - Data files for Division '10' not found for week 1. Skipping.
2025-10-08 10:12:33,687 - INFO - Processing Division '3' for Week 1
2025-10-08 10:12:33,687 - WARNING - Data files for Division '3' not found for week 1. Skipping.
2025-10-08 10:12:33,687 - INFO - Processing Division '4' for Week 1
2025-10-08 10:12:33,688 - WARNING - Data files for Division '4' not found for week 1. Skipping.
2025-10-08 10:12:33,688 - INFO - Processing Division '11' for Week 1
2025-10-08 10:12:33,688 - WARNING - Data files for Division '11' not found for week 1. Skipping.
2025-10-08 10:12:33,689 - INFO - Processing Division 'L2' for Week 1
2025-10-08 10:12:33,689 - WARNING - Data files for Division 'L2' not found for week 1. Skipping.
2025-10-08 10:12:33,689 - INFO - Processing Division '7' for Week 1
2025-10-08 10:12:33,689 - WARNING - Data files for Division '7' not found for week 1. Skipping.
2025-10-08 10:12:33,690 - INFO - Processing Division '9' for Week 1
2025-10-08 10:12:33,690 - WARNING - Data files for Division '9' not found for week 1. Skipping.
2025-10-08 10:12:33,690 - INFO - Processing Division '12' for Week 1
2025-10-08 10:12:33,691 - WARNING - Data files for Division '12' not found for week 1. Skipping.
2025-10-08 10:12:33,691 - INFO - Processing Division 'M2' for Week 1
2025-10-08 10:12:33,691 - WARNING - Data files for Division 'M2' not found for week 1. Skipping.
2025-10-08 10:12:33,693 - INFO - Processing Division 'Premier Main' for Week 1
2025-10-08 10:12:33,693 - WARNING - Data files for Division 'Premier Main' not found for week 1. Skipping.
2025-10-08 10:12:33,693 - INFO - Processing Division 'Premier Masters' for Week 1
2025-10-08 10:12:33,693 - WARNING - Data files for Division 'Premier Masters' not found for week 1. Skipping.
2025-10-08 10:12:33,694 - INFO - Processing Division 'Premier Ladies' for Week 1
2025-10-08 10:12:33,694 - WARNING - Data files for Division 'Premier Ladies' not found for week 1. Skipping.
2025-10-08 10:12:33,694 - INFO - Processing Division 'M3' for Week 1
2025-10-08 10:12:33,706 - INFO - Number of players who played in Division 'M3' during week 1: 10
2025-10-08 10:12:33,739 - INFO - Number of 'Playing Up' players in Division 'M3' during week 1: 0
2025-10-08 10:12:33,758 - INFO - Player match results saved to C:\Users\bpali\PycharmProjects\SquashApp\2025-2026\player_results\week_1\M3_player_results.csv
2025-10-08 10:12:33,759 - INFO - Processing Division 'M4' for Week 1
2025-10-08 10:12:33,768 - INFO - Number of players who played in Division 'M4' during week 1: 30
2025-10-08 10:12:33,789 - INFO - Number of 'Playing Up' players in Division 'M4' during week 1: 0
2025-10-08 10:12:33,821 - INFO - Player match results saved to C:\Users\bpali\PycharmProjects\SquashApp\2025-2026\player_results\week_1\M4_player_results.csv
2025-10-08 10:12:33,822 - INFO - Processing Division '5' for Week 1
2025-10-08 10:12:33,834 - INFO - Number of players who played in Division '5' during week 1: 20
2025-10-08 10:12:33,857 - INFO - Number of 'Playing Up' players in Division '5' during week 1: 0
2025-10-08 10:12:33,888 - INFO - Player match results saved to C:\Users\bpali\PycharmProjects\SquashApp\2025-2026\player_results\week_1\5_player_results.csv
2025-10-08 10:12:33,888 - INFO - Processing Division '8A' for Week 1
2025-10-08 10:12:33,889 - WARNING - Data files for Division '8A' not found for week 1. Skipping.
2025-10-08 10:12:33,889 - INFO - Processing Division '8B' for Week 1
2025-10-08 10:12:33,900 - INFO - Number of players who played in Division '8B' during week 1: 8
2025-10-08 10:12:33,921 - INFO - Number of 'Playing Up' players in Division '8B' during week 1: 0
2025-10-08 10:12:33,938 - INFO - Player match results saved to C:\Users\bpali\PycharmProjects\SquashApp\2025-2026\player_results\week_1\8B_player_results.csv
2025-10-08 10:12:33,938 - INFO - Processing Division '13A' for Week 1
2025-10-08 10:12:33,948 - INFO - Number of players who played in Division '13A' during week 1: 10
2025-10-08 10:12:33,975 - INFO - Number of 'Playing Up' players in Division '13A' during week 1: 0
2025-10-08 10:12:34,000 - INFO - Player match results saved to C:\Users\bpali\PycharmProjects\SquashApp\2025-2026\player_results\week_1\13A_player_results.csv
2025-10-08 10:12:34,001 - INFO - Processing Division '13B' for Week 1
2025-10-08 10:12:34,007 - INFO - Number of players who played in Division '13B' during week 1: 9
2025-10-08 10:12:34,039 - INFO - Number of 'Playing Up' players in Division '13B' during week 1: 0
2025-10-08 10:12:34,067 - INFO - Player match results saved to C:\Users\bpali\PycharmProjects\SquashApp\2025-2026\player_results\week_1\13B_player_results.csv
2025-10-08 10:12:34,067 - INFO - Processing Division '13C' for Week 1
2025-10-08 10:12:34,067 - INFO - Number of players who played in Division '13C' during week 1: 8
2025-10-08 10:12:34,107 - INFO - Number of 'Playing Up' players in Division '13C' during week 1: 0
2025-10-08 10:12:34,119 - INFO - Player match results saved to C:\Users\bpali\PycharmProjects\SquashApp\2025-2026\player_results\week_1\13C_player_results.csv
2025-10-08 10:12:34,119 - INFO - Processing Division 'L3' for Week 1
2025-10-08 10:12:34,135 - INFO - Number of players who played in Division 'L3' during week 1: 8
2025-10-08 10:12:34,149 - INFO - Number of 'Playing Up' players in Division 'L3' during week 1: 0
2025-10-08 10:12:34,156 - INFO - Player match results saved to C:\Users\bpali\PycharmProjects\SquashApp\2025-2026\player_results\week_1\L3_player_results.csv
2025-10-08 10:12:34,156 - INFO - Processing Division 'L4' for Week 1
2025-10-08 10:12:34,173 - INFO - Number of players who played in Division 'L4' during week 1: 8
2025-10-08 10:12:34,200 - INFO - Number of 'Playing Up' players in Division 'L4' during week 1: 0
2025-10-08 10:12:34,217 - INFO - Player match results saved to C:\Users\bpali\PycharmProjects\SquashApp\2025-2026\player_results\week_1\L4_player_results.csv
2025-10-08 10:12:34,217 - INFO - Processing Division '14' for Week 1
2025-10-08 10:12:34,218 - WARNING - Data files for Division '14' not found for week 1. Skipping.
2025-10-08 10:12:34,218 - INFO - Processing Division '15A' for Week 1
2025-10-08 10:12:34,226 - INFO - Number of players who played in Division '15A' during week 1: 8
2025-10-08 10:12:34,234 - INFO - Number of 'Playing Up' players in Division '15A' during week 1: 0
2025-10-08 10:12:34,265 - INFO - Player match results saved to C:\Users\bpali\PycharmProjects\SquashApp\2025-2026\player_results\week_1\15A_player_results.csv
2025-10-08 10:12:34,265 - INFO - Processing Division '15B' for Week 1
2025-10-08 10:12:34,273 - INFO - Number of players who played in Division '15B' during week 1: 10
2025-10-08 10:12:34,295 - INFO - Number of 'Playing Up' players in Division '15B' during week 1: 0
2025-10-08 10:12:34,311 - INFO - Player match results saved to C:\Users\bpali\PycharmProjects\SquashApp\2025-2026\player_results\week_1\15B_player_results.csv
